{"D:\\Compass-challenge3\\src\\app.ts": {"path":"D:\\Compass-challenge3\\src\\app.ts","statementMap":{"0":{"start":{"line":5,"column":0},"end":{"line":5,"column":15}},"1":{"start":{"line":7,"column":12},"end":{"line":7,"column":21}},"2":{"start":{"line":8,"column":0},"end":{"line":8,"column":23}},"3":{"start":{"line":9,"column":0},"end":{"line":9,"column":20}},"4":{"start":{"line":11,"column":0},"end":{"line":11,"column":9}}},"fnMap":{},"branchMap":{},"s":{"0":7,"1":7,"2":7,"3":7,"4":7},"f":{},"b":{},"_coverageSchema":"1a1c01bbd47fc00a2c39e90264f33305004495a9","hash":"14d1ac8eb615c3c6a7902ca438f7f9ab786efa76"}
,"D:\\Compass-challenge3\\src\\server.ts": {"path":"D:\\Compass-challenge3\\src\\server.ts","statementMap":{"0":{"start":{"line":7,"column":0},"end":{"line":7,"column":15}},"1":{"start":{"line":9,"column":17},"end":{"line":9,"column":38}},"2":{"start":{"line":10,"column":13},"end":{"line":10,"column":29}},"3":{"start":{"line":13,"column":2},"end":{"line":32,"column":3}},"4":{"start":{"line":14,"column":4},"end":{"line":16,"column":5}},"5":{"start":{"line":15,"column":6},"end":{"line":15,"column":21}},"6":{"start":{"line":17,"column":4},"end":{"line":28,"column":39}},"7":{"start":{"line":20,"column":8},"end":{"line":24,"column":9}},"8":{"start":{"line":21,"column":10},"end":{"line":23,"column":12}},"9":{"start":{"line":22,"column":12},"end":{"line":22,"column":58}},"10":{"start":{"line":25,"column":8},"end":{"line":25,"column":75}},"11":{"start":{"line":26,"column":8},"end":{"line":26,"column":28}},"12":{"start":{"line":28,"column":22},"end":{"line":28,"column":38}},"13":{"start":{"line":30,"column":4},"end":{"line":30,"column":56}},"14":{"start":{"line":31,"column":4},"end":{"line":31,"column":19}}},"fnMap":{"0":{"name":"connect","decl":{"start":{"line":12,"column":15},"end":{"line":12,"column":22}},"loc":{"start":{"line":12,"column":25},"end":{"line":33,"column":1}},"line":12},"1":{"name":"(anonymous_1)","decl":{"start":{"line":19,"column":12},"end":{"line":19,"column":13}},"loc":{"start":{"line":19,"column":18},"end":{"line":27,"column":7}},"line":19},"2":{"name":"(anonymous_2)","decl":{"start":{"line":21,"column":27},"end":{"line":21,"column":28}},"loc":{"start":{"line":21,"column":33},"end":{"line":23,"column":11}},"line":21},"3":{"name":"(anonymous_3)","decl":{"start":{"line":28,"column":13},"end":{"line":28,"column":14}},"loc":{"start":{"line":28,"column":22},"end":{"line":28,"column":38}},"line":28}},"branchMap":{"0":{"loc":{"start":{"line":14,"column":4},"end":{"line":16,"column":5}},"type":"if","locations":[{"start":{"line":14,"column":4},"end":{"line":16,"column":5}},{"start":{},"end":{}}],"line":14},"1":{"loc":{"start":{"line":20,"column":8},"end":{"line":24,"column":9}},"type":"if","locations":[{"start":{"line":20,"column":8},"end":{"line":24,"column":9}},{"start":{},"end":{}}],"line":20}},"s":{"0":7,"1":7,"2":7,"3":7,"4":7,"5":0,"6":7,"7":7,"8":0,"9":0,"10":7,"11":7,"12":0,"13":0,"14":0},"f":{"0":7,"1":7,"2":0,"3":0},"b":{"0":[0,7],"1":[0,7]},"_coverageSchema":"1a1c01bbd47fc00a2c39e90264f33305004495a9","hash":"67b2ac69f89fc29df84114bcccdc143a3096cdb1"}
,"D:\\Compass-challenge3\\src\\controllers\\EventsController\\EventsController.ts": {"path":"D:\\Compass-challenge3\\src\\controllers\\EventsController\\EventsController.ts","statementMap":{"0":{"start":{"line":7,"column":4},"end":{"line":15,"column":5}},"1":{"start":{"line":9,"column":25},"end":{"line":9,"column":33}},"2":{"start":{"line":10,"column":22},"end":{"line":10,"column":70}},"3":{"start":{"line":11,"column":8},"end":{"line":11,"column":64}},"4":{"start":{"line":19,"column":4},"end":{"line":39,"column":5}},"5":{"start":{"line":21,"column":26},"end":{"line":21,"column":53}},"6":{"start":{"line":23,"column":8},"end":{"line":25,"column":9}},"7":{"start":{"line":24,"column":10},"end":{"line":24,"column":53}},"8":{"start":{"line":26,"column":22},"end":{"line":26,"column":70}},"9":{"start":{"line":27,"column":42},"end":{"line":27,"column":51}},"10":{"start":{"line":28,"column":21},"end":{"line":28,"column":56}},"11":{"start":{"line":29,"column":8},"end":{"line":35,"column":9}},"12":{"start":{"line":43,"column":4},"end":{"line":51,"column":5}},"13":{"start":{"line":45,"column":26},"end":{"line":45,"column":53}},"14":{"start":{"line":46,"column":22},"end":{"line":46,"column":70}},"15":{"start":{"line":47,"column":8},"end":{"line":47,"column":71}},"16":{"start":{"line":55,"column":4},"end":{"line":63,"column":5}},"17":{"start":{"line":57,"column":24},"end":{"line":57,"column":37}},"18":{"start":{"line":58,"column":22},"end":{"line":58,"column":70}},"19":{"start":{"line":59,"column":8},"end":{"line":59,"column":64}},"20":{"start":{"line":67,"column":4},"end":{"line":75,"column":5}},"21":{"start":{"line":69,"column":24},"end":{"line":69,"column":37}},"22":{"start":{"line":70,"column":22},"end":{"line":70,"column":70}},"23":{"start":{"line":71,"column":8},"end":{"line":71,"column":67}},"24":{"start":{"line":83,"column":4},"end":{"line":94,"column":5}},"25":{"start":{"line":84,"column":21},"end":{"line":84,"column":34}},"26":{"start":{"line":85,"column":6},"end":{"line":85,"column":41}},"27":{"start":{"line":87,"column":6},"end":{"line":93,"column":7}},"28":{"start":{"line":88,"column":8},"end":{"line":90,"column":55}},"29":{"start":{"line":92,"column":8},"end":{"line":92,"column":73}}},"fnMap":{"0":{"name":"(anonymous_0)","decl":{"start":{"line":6,"column":2},"end":{"line":6,"column":3}},"loc":{"start":{"line":6,"column":56},"end":{"line":16,"column":3}},"line":6},"1":{"name":"(anonymous_1)","decl":{"start":{"line":8,"column":6},"end":{"line":8,"column":7}},"loc":{"start":{"line":8,"column":30},"end":{"line":12,"column":7}},"line":8},"2":{"name":"(anonymous_2)","decl":{"start":{"line":18,"column":2},"end":{"line":18,"column":3}},"loc":{"start":{"line":18,"column":62},"end":{"line":40,"column":3}},"line":18},"3":{"name":"(anonymous_3)","decl":{"start":{"line":20,"column":6},"end":{"line":20,"column":7}},"loc":{"start":{"line":20,"column":30},"end":{"line":36,"column":7}},"line":20},"4":{"name":"(anonymous_4)","decl":{"start":{"line":42,"column":2},"end":{"line":42,"column":3}},"loc":{"start":{"line":42,"column":62},"end":{"line":52,"column":3}},"line":42},"5":{"name":"(anonymous_5)","decl":{"start":{"line":44,"column":6},"end":{"line":44,"column":7}},"loc":{"start":{"line":44,"column":30},"end":{"line":48,"column":7}},"line":44},"6":{"name":"(anonymous_6)","decl":{"start":{"line":54,"column":2},"end":{"line":54,"column":3}},"loc":{"start":{"line":54,"column":57},"end":{"line":64,"column":3}},"line":54},"7":{"name":"(anonymous_7)","decl":{"start":{"line":56,"column":6},"end":{"line":56,"column":7}},"loc":{"start":{"line":56,"column":30},"end":{"line":60,"column":7}},"line":56},"8":{"name":"(anonymous_8)","decl":{"start":{"line":66,"column":2},"end":{"line":66,"column":3}},"loc":{"start":{"line":66,"column":61},"end":{"line":76,"column":3}},"line":66},"9":{"name":"(anonymous_9)","decl":{"start":{"line":68,"column":6},"end":{"line":68,"column":7}},"loc":{"start":{"line":68,"column":30},"end":{"line":72,"column":7}},"line":68},"10":{"name":"(anonymous_10)","decl":{"start":{"line":78,"column":2},"end":{"line":78,"column":3}},"loc":{"start":{"line":82,"column":4},"end":{"line":95,"column":3}},"line":82}},"branchMap":{"0":{"loc":{"start":{"line":23,"column":8},"end":{"line":25,"column":9}},"type":"if","locations":[{"start":{"line":23,"column":8},"end":{"line":25,"column":9}},{"start":{},"end":{}}],"line":23},"1":{"loc":{"start":{"line":27,"column":16},"end":{"line":27,"column":27}},"type":"default-arg","locations":[{"start":{"line":27,"column":25},"end":{"line":27,"column":27}}],"line":27},"2":{"loc":{"start":{"line":27,"column":29},"end":{"line":27,"column":37}},"type":"default-arg","locations":[{"start":{"line":27,"column":36},"end":{"line":27,"column":37}}],"line":27},"3":{"loc":{"start":{"line":34,"column":10},"end":{"line":34,"column":56}},"type":"cond-expr","locations":[{"start":{"line":34,"column":38},"end":{"line":34,"column":49}},{"start":{"line":34,"column":52},"end":{"line":34,"column":56}}],"line":34},"4":{"loc":{"start":{"line":87,"column":6},"end":{"line":93,"column":7}},"type":"if","locations":[{"start":{"line":87,"column":6},"end":{"line":93,"column":7}},{"start":{"line":91,"column":13},"end":{"line":93,"column":7}}],"line":87}},"s":{"0":10,"1":0,"2":0,"3":0,"4":0,"5":0,"6":0,"7":0,"8":0,"9":0,"10":0,"11":0,"12":1,"13":0,"14":0,"15":0,"16":0,"17":0,"18":0,"19":0,"20":2,"21":0,"22":0,"23":0,"24":0,"25":0,"26":0,"27":0,"28":0,"29":0},"f":{"0":10,"1":0,"2":0,"3":0,"4":1,"5":0,"6":0,"7":0,"8":2,"9":0,"10":0},"b":{"0":[0,0],"1":[0],"2":[0],"3":[0,0],"4":[0,0]},"_coverageSchema":"1a1c01bbd47fc00a2c39e90264f33305004495a9","hash":"058b01ae371b16aa6adb29001d2720a8e646247b"}
,"D:\\Compass-challenge3\\src\\controllers\\UserController\\SignInController.ts": {"path":"D:\\Compass-challenge3\\src\\controllers\\UserController\\SignInController.ts","statementMap":{"0":{"start":{"line":8,"column":4},"end":{"line":20,"column":5}},"1":{"start":{"line":9,"column":37},"end":{"line":9,"column":45}},"2":{"start":{"line":10,"column":21},"end":{"line":10,"column":59}},"3":{"start":{"line":11,"column":6},"end":{"line":11,"column":42}},"4":{"start":{"line":13,"column":6},"end":{"line":19,"column":7}},"5":{"start":{"line":14,"column":8},"end":{"line":16,"column":56}},"6":{"start":{"line":18,"column":8},"end":{"line":18,"column":74}}},"fnMap":{"0":{"name":"(anonymous_0)","decl":{"start":{"line":7,"column":2},"end":{"line":7,"column":3}},"loc":{"start":{"line":7,"column":51},"end":{"line":21,"column":3}},"line":7}},"branchMap":{"0":{"loc":{"start":{"line":13,"column":6},"end":{"line":19,"column":7}},"type":"if","locations":[{"start":{"line":13,"column":6},"end":{"line":19,"column":7}},{"start":{"line":17,"column":13},"end":{"line":19,"column":7}}],"line":13}},"s":{"0":10,"1":10,"2":10,"3":6,"4":4,"5":3,"6":1},"f":{"0":10},"b":{"0":[3,1]},"_coverageSchema":"1a1c01bbd47fc00a2c39e90264f33305004495a9","hash":"dfac6be04a701a6527dd9ec240dba260e61db808"}
,"D:\\Compass-challenge3\\src\\controllers\\UserController\\SignUpController.ts": {"path":"D:\\Compass-challenge3\\src\\controllers\\UserController\\SignUpController.ts","statementMap":{"0":{"start":{"line":8,"column":4},"end":{"line":20,"column":5}},"1":{"start":{"line":9,"column":35},"end":{"line":9,"column":43}},"2":{"start":{"line":10,"column":22},"end":{"line":10,"column":58}},"3":{"start":{"line":11,"column":6},"end":{"line":11,"column":42}},"4":{"start":{"line":13,"column":6},"end":{"line":19,"column":7}},"5":{"start":{"line":14,"column":8},"end":{"line":16,"column":55}},"6":{"start":{"line":18,"column":8},"end":{"line":18,"column":73}}},"fnMap":{"0":{"name":"(anonymous_0)","decl":{"start":{"line":7,"column":2},"end":{"line":7,"column":3}},"loc":{"start":{"line":7,"column":51},"end":{"line":21,"column":3}},"line":7}},"branchMap":{"0":{"loc":{"start":{"line":13,"column":6},"end":{"line":19,"column":7}},"type":"if","locations":[{"start":{"line":13,"column":6},"end":{"line":19,"column":7}},{"start":{"line":17,"column":13},"end":{"line":19,"column":7}}],"line":13}},"s":{"0":19,"1":19,"2":19,"3":11,"4":8,"5":7,"6":1},"f":{"0":19},"b":{"0":[7,1]},"_coverageSchema":"1a1c01bbd47fc00a2c39e90264f33305004495a9","hash":"0dc4e22625e1005687ea4f03ded18ab3716bf4d3"}
,"D:\\Compass-challenge3\\src\\errors\\CustomError.ts": {"path":"D:\\Compass-challenge3\\src\\errors\\CustomError.ts","statementMap":{"0":{"start":{"line":13,"column":4},"end":{"line":13,"column":15}},"1":{"start":{"line":14,"column":4},"end":{"line":14,"column":20}},"2":{"start":{"line":15,"column":4},"end":{"line":15,"column":24}},"3":{"start":{"line":16,"column":4},"end":{"line":16,"column":32}}},"fnMap":{"0":{"name":"(anonymous_0)","decl":{"start":{"line":8,"column":2},"end":{"line":8,"column":3}},"loc":{"start":{"line":12,"column":4},"end":{"line":17,"column":3}},"line":12}},"branchMap":{"0":{"loc":{"start":{"line":11,"column":4},"end":{"line":11,"column":28}},"type":"default-arg","locations":[{"start":{"line":11,"column":25},"end":{"line":11,"column":28}}],"line":11}},"s":{"0":19,"1":19,"2":19,"3":19},"f":{"0":19},"b":{"0":[0]},"_coverageSchema":"1a1c01bbd47fc00a2c39e90264f33305004495a9","hash":"fed50776e0fdf9aadd5ce1ca18213fa1bfb4bf3e"}
,"D:\\Compass-challenge3\\src\\middleware\\auth.ts": {"path":"D:\\Compass-challenge3\\src\\middleware\\auth.ts","statementMap":{"0":{"start":{"line":6,"column":40},"end":{"line":48,"column":1}},"1":{"start":{"line":11,"column":21},"end":{"line":11,"column":46}},"2":{"start":{"line":13,"column":2},"end":{"line":20,"column":3}},"3":{"start":{"line":14,"column":18},"end":{"line":18,"column":5}},"4":{"start":{"line":19,"column":4},"end":{"line":19,"column":59}},"5":{"start":{"line":22,"column":2},"end":{"line":29,"column":3}},"6":{"start":{"line":23,"column":18},"end":{"line":27,"column":5}},"7":{"start":{"line":28,"column":4},"end":{"line":28,"column":59}},"8":{"start":{"line":31,"column":16},"end":{"line":31,"column":40}},"9":{"start":{"line":33,"column":2},"end":{"line":47,"column":3}},"10":{"start":{"line":34,"column":37},"end":{"line":37,"column":19}},"11":{"start":{"line":38,"column":4},"end":{"line":38,"column":35}},"12":{"start":{"line":39,"column":4},"end":{"line":39,"column":10}},"13":{"start":{"line":41,"column":4},"end":{"line":45,"column":5}},"14":{"start":{"line":46,"column":4},"end":{"line":46,"column":59}}},"fnMap":{"0":{"name":"(anonymous_0)","decl":{"start":{"line":6,"column":40},"end":{"line":6,"column":41}},"loc":{"start":{"line":10,"column":5},"end":{"line":48,"column":1}},"line":10}},"branchMap":{"0":{"loc":{"start":{"line":13,"column":2},"end":{"line":20,"column":3}},"type":"if","locations":[{"start":{"line":13,"column":2},"end":{"line":20,"column":3}},{"start":{},"end":{}}],"line":13},"1":{"loc":{"start":{"line":22,"column":2},"end":{"line":29,"column":3}},"type":"if","locations":[{"start":{"line":22,"column":2},"end":{"line":29,"column":3}},{"start":{},"end":{}}],"line":22}},"s":{"0":7,"1":22,"2":22,"3":3,"4":3,"5":19,"6":3,"7":3,"8":16,"9":16,"10":16,"11":13,"12":13,"13":3,"14":3},"f":{"0":22},"b":{"0":[3,19],"1":[3,16]},"_coverageSchema":"1a1c01bbd47fc00a2c39e90264f33305004495a9","hash":"f18c169bc0823717b0115899235695c8f9c5c99c"}
,"D:\\Compass-challenge3\\src\\model\\Event.ts": {"path":"D:\\Compass-challenge3\\src\\model\\Event.ts","statementMap":{"0":{"start":{"line":9,"column":20},"end":{"line":13,"column":2}},"1":{"start":{"line":15,"column":14},"end":{"line":15,"column":58}}},"fnMap":{},"branchMap":{},"s":{"0":7,"1":7},"f":{},"b":{},"_coverageSchema":"1a1c01bbd47fc00a2c39e90264f33305004495a9","hash":"cc6365f9cf2f5432486ac18ca2191abd40e7b298"}
,"D:\\Compass-challenge3\\src\\model\\User.ts": {"path":"D:\\Compass-challenge3\\src\\model\\User.ts","statementMap":{"0":{"start":{"line":4,"column":19},"end":{"line":13,"column":2}},"1":{"start":{"line":15,"column":0},"end":{"line":19,"column":2}},"2":{"start":{"line":16,"column":15},"end":{"line":16,"column":39}},"3":{"start":{"line":17,"column":2},"end":{"line":17,"column":57}},"4":{"start":{"line":18,"column":2},"end":{"line":18,"column":38}},"5":{"start":{"line":21,"column":13},"end":{"line":21,"column":57}}},"fnMap":{"0":{"name":"(anonymous_0)","decl":{"start":{"line":15,"column":23},"end":{"line":15,"column":24}},"loc":{"start":{"line":15,"column":41},"end":{"line":19,"column":1}},"line":15}},"branchMap":{},"s":{"0":7,"1":7,"2":11,"3":11,"4":11,"5":7},"f":{"0":11},"b":{},"_coverageSchema":"1a1c01bbd47fc00a2c39e90264f33305004495a9","hash":"7ff4ca438960a6fc02004a30d63f2ce30edc49c4"}
,"D:\\Compass-challenge3\\src\\respositories\\EventsRepositories\\EventsRepository.ts": {"path":"D:\\Compass-challenge3\\src\\respositories\\EventsRepositories\\EventsRepository.ts","statementMap":{"0":{"start":{"line":6,"column":21},"end":{"line":10,"column":6}},"1":{"start":{"line":12,"column":4},"end":{"line":12,"column":19}},"2":{"start":{"line":19,"column":19},"end":{"line":19,"column":67}},"3":{"start":{"line":21,"column":4},"end":{"line":21,"column":17}},"4":{"start":{"line":28,"column":19},"end":{"line":28,"column":58}},"5":{"start":{"line":30,"column":4},"end":{"line":30,"column":17}},"6":{"start":{"line":34,"column":27},"end":{"line":34,"column":66}},"7":{"start":{"line":35,"column":4},"end":{"line":35,"column":49}},"8":{"start":{"line":36,"column":4},"end":{"line":36,"column":25}},"9":{"start":{"line":39,"column":18},"end":{"line":39,"column":47}},"10":{"start":{"line":40,"column":4},"end":{"line":40,"column":16}},"11":{"start":{"line":43,"column":26},"end":{"line":43,"column":55}},"12":{"start":{"line":44,"column":4},"end":{"line":44,"column":47}},"13":{"start":{"line":45,"column":4},"end":{"line":45,"column":24}}},"fnMap":{"0":{"name":"(anonymous_0)","decl":{"start":{"line":5,"column":2},"end":{"line":5,"column":3}},"loc":{"start":{"line":5,"column":58},"end":{"line":13,"column":3}},"line":5},"1":{"name":"(anonymous_1)","decl":{"start":{"line":14,"column":2},"end":{"line":14,"column":3}},"loc":{"start":{"line":18,"column":4},"end":{"line":22,"column":3}},"line":18},"2":{"name":"(anonymous_2)","decl":{"start":{"line":24,"column":2},"end":{"line":24,"column":3}},"loc":{"start":{"line":27,"column":4},"end":{"line":31,"column":3}},"line":27},"3":{"name":"(anonymous_3)","decl":{"start":{"line":33,"column":2},"end":{"line":33,"column":3}},"loc":{"start":{"line":33,"column":68},"end":{"line":37,"column":3}},"line":33},"4":{"name":"(anonymous_4)","decl":{"start":{"line":38,"column":2},"end":{"line":38,"column":3}},"loc":{"start":{"line":38,"column":45},"end":{"line":41,"column":3}},"line":38},"5":{"name":"(anonymous_5)","decl":{"start":{"line":42,"column":2},"end":{"line":42,"column":3}},"loc":{"start":{"line":42,"column":64},"end":{"line":46,"column":3}},"line":42}},"branchMap":{},"s":{"0":0,"1":0,"2":0,"3":0,"4":0,"5":0,"6":0,"7":0,"8":0,"9":0,"10":0,"11":0,"12":0,"13":0},"f":{"0":0,"1":0,"2":0,"3":0,"4":0,"5":0},"b":{},"_coverageSchema":"1a1c01bbd47fc00a2c39e90264f33305004495a9","hash":"26bbd1881631a0069a4cdd76cf857e8f2d0e761b"}
,"D:\\Compass-challenge3\\src\\respositories\\UserRespositories\\SignInRepository.ts": {"path":"D:\\Compass-challenge3\\src\\respositories\\UserRespositories\\SignInRepository.ts","statementMap":{"0":{"start":{"line":7,"column":25},"end":{"line":7,"column":69}},"1":{"start":{"line":8,"column":4},"end":{"line":8,"column":45}}},"fnMap":{"0":{"name":"(anonymous_0)","decl":{"start":{"line":6,"column":2},"end":{"line":6,"column":3}},"loc":{"start":{"line":6,"column":72},"end":{"line":9,"column":3}},"line":6}},"branchMap":{},"s":{"0":8,"1":8},"f":{"0":8},"b":{},"_coverageSchema":"1a1c01bbd47fc00a2c39e90264f33305004495a9","hash":"653b912e52baff8862d461c02fa2837c73927ed2"}
,"D:\\Compass-challenge3\\src\\respositories\\UserRespositories\\SignUpRepository.ts": {"path":"D:\\Compass-challenge3\\src\\respositories\\UserRespositories\\SignUpRepository.ts","statementMap":{"0":{"start":{"line":6,"column":20},"end":{"line":6,"column":43}},"1":{"start":{"line":7,"column":4},"end":{"line":7,"column":18}}},"fnMap":{"0":{"name":"(anonymous_0)","decl":{"start":{"line":5,"column":2},"end":{"line":5,"column":3}},"loc":{"start":{"line":5,"column":45},"end":{"line":8,"column":3}},"line":5}},"branchMap":{},"s":{"0":11,"1":11},"f":{"0":11},"b":{},"_coverageSchema":"1a1c01bbd47fc00a2c39e90264f33305004495a9","hash":"552b8e3d78b6620221d8ac6917bea28c844cb84f"}
,"D:\\Compass-challenge3\\src\\routes\\Routes.ts": {"path":"D:\\Compass-challenge3\\src\\routes\\Routes.ts","statementMap":{"0":{"start":{"line":7,"column":23},"end":{"line":7,"column":39}},"1":{"start":{"line":9,"column":15},"end":{"line":9,"column":24}},"2":{"start":{"line":11,"column":0},"end":{"line":42,"column":3}}},"fnMap":{},"branchMap":{},"s":{"0":7,"1":7,"2":7},"f":{},"b":{},"_coverageSchema":"1a1c01bbd47fc00a2c39e90264f33305004495a9","hash":"02c39cfc426705c5e0e70eabf15783a04a5d7675"}
,"D:\\Compass-challenge3\\src\\services\\EventsServices\\EventsServices.ts": {"path":"D:\\Compass-challenge3\\src\\services\\EventsServices\\EventsServices.ts","statementMap":{"0":{"start":{"line":13,"column":25},"end":{"line":13,"column":77}},"1":{"start":{"line":14,"column":31},"end":{"line":17,"column":5}},"2":{"start":{"line":19,"column":4},"end":{"line":19,"column":48}},"3":{"start":{"line":21,"column":21},"end":{"line":24,"column":5}},"4":{"start":{"line":26,"column":4},"end":{"line":26,"column":19}},"5":{"start":{"line":36,"column":31},"end":{"line":36,"column":67}},"6":{"start":{"line":37,"column":25},"end":{"line":37,"column":77}},"7":{"start":{"line":38,"column":19},"end":{"line":38,"column":38}},"8":{"start":{"line":40,"column":4},"end":{"line":40,"column":48}},"9":{"start":{"line":42,"column":27},"end":{"line":48,"column":5}},"10":{"start":{"line":50,"column":4},"end":{"line":50,"column":25}},"11":{"start":{"line":54,"column":31},"end":{"line":54,"column":65}},"12":{"start":{"line":55,"column":25},"end":{"line":55,"column":77}},"13":{"start":{"line":56,"column":19},"end":{"line":56,"column":38}},"14":{"start":{"line":58,"column":4},"end":{"line":58,"column":48}},"15":{"start":{"line":60,"column":26},"end":{"line":63,"column":5}},"16":{"start":{"line":64,"column":4},"end":{"line":64,"column":24}},"17":{"start":{"line":68,"column":31},"end":{"line":68,"column":69}},"18":{"start":{"line":70,"column":4},"end":{"line":70,"column":48}},"19":{"start":{"line":72,"column":4},"end":{"line":72,"column":55}},"20":{"start":{"line":76,"column":31},"end":{"line":76,"column":69}},"21":{"start":{"line":77,"column":25},"end":{"line":77,"column":77}},"22":{"start":{"line":78,"column":19},"end":{"line":78,"column":38}},"23":{"start":{"line":80,"column":4},"end":{"line":80,"column":48}},"24":{"start":{"line":82,"column":4},"end":{"line":82,"column":66}}},"fnMap":{"0":{"name":"(anonymous_0)","decl":{"start":{"line":12,"column":2},"end":{"line":12,"column":3}},"loc":{"start":{"line":12,"column":59},"end":{"line":27,"column":3}},"line":12},"1":{"name":"(anonymous_1)","decl":{"start":{"line":29,"column":2},"end":{"line":29,"column":3}},"loc":{"start":{"line":35,"column":4},"end":{"line":51,"column":3}},"line":35},"2":{"name":"(anonymous_2)","decl":{"start":{"line":53,"column":2},"end":{"line":53,"column":3}},"loc":{"start":{"line":53,"column":65},"end":{"line":65,"column":3}},"line":53},"3":{"name":"(anonymous_3)","decl":{"start":{"line":67,"column":2},"end":{"line":67,"column":3}},"loc":{"start":{"line":67,"column":60},"end":{"line":73,"column":3}},"line":67},"4":{"name":"(anonymous_4)","decl":{"start":{"line":75,"column":2},"end":{"line":75,"column":3}},"loc":{"start":{"line":75,"column":63},"end":{"line":83,"column":3}},"line":75}},"branchMap":{},"s":{"0":0,"1":0,"2":0,"3":0,"4":0,"5":0,"6":0,"7":0,"8":0,"9":0,"10":0,"11":0,"12":0,"13":0,"14":0,"15":0,"16":0,"17":0,"18":0,"19":0,"20":0,"21":0,"22":0,"23":0,"24":0},"f":{"0":0,"1":0,"2":0,"3":0,"4":0},"b":{},"_coverageSchema":"1a1c01bbd47fc00a2c39e90264f33305004495a9","hash":"3c898adb89c307d85c4da651cda4e2926299db27"}
,"D:\\Compass-challenge3\\src\\services\\UserServices\\SignInService.ts": {"path":"D:\\Compass-challenge3\\src\\services\\UserServices\\SignInService.ts","statementMap":{"0":{"start":{"line":10,"column":31},"end":{"line":10,"column":55}},"1":{"start":{"line":12,"column":4},"end":{"line":18,"column":5}},"2":{"start":{"line":13,"column":6},"end":{"line":17,"column":7}},"3":{"start":{"line":20,"column":25},"end":{"line":20,"column":62}},"4":{"start":{"line":22,"column":4},"end":{"line":33,"column":5}},"5":{"start":{"line":23,"column":6},"end":{"line":32,"column":7}},"6":{"start":{"line":35,"column":26},"end":{"line":38,"column":5}},"7":{"start":{"line":40,"column":4},"end":{"line":51,"column":5}},"8":{"start":{"line":41,"column":6},"end":{"line":50,"column":7}},"9":{"start":{"line":53,"column":18},"end":{"line":53,"column":77}},"10":{"start":{"line":55,"column":19},"end":{"line":60,"column":5}},"11":{"start":{"line":62,"column":4},"end":{"line":62,"column":17}}},"fnMap":{"0":{"name":"(anonymous_0)","decl":{"start":{"line":9,"column":2},"end":{"line":9,"column":3}},"loc":{"start":{"line":9,"column":45},"end":{"line":63,"column":3}},"line":9}},"branchMap":{"0":{"loc":{"start":{"line":12,"column":4},"end":{"line":18,"column":5}},"type":"if","locations":[{"start":{"line":12,"column":4},"end":{"line":18,"column":5}},{"start":{},"end":{}}],"line":12},"1":{"loc":{"start":{"line":14,"column":8},"end":{"line":14,"column":52}},"type":"binary-expr","locations":[{"start":{"line":14,"column":8},"end":{"line":14,"column":31}},{"start":{"line":14,"column":35},"end":{"line":14,"column":52}}],"line":14},"2":{"loc":{"start":{"line":22,"column":4},"end":{"line":33,"column":5}},"type":"if","locations":[{"start":{"line":22,"column":4},"end":{"line":33,"column":5}},{"start":{},"end":{}}],"line":22},"3":{"loc":{"start":{"line":40,"column":4},"end":{"line":51,"column":5}},"type":"if","locations":[{"start":{"line":40,"column":4},"end":{"line":51,"column":5}},{"start":{},"end":{}}],"line":40}},"s":{"0":9,"1":9,"2":1,"3":8,"4":8,"5":1,"6":7,"7":7,"8":1,"9":6,"10":6,"11":6},"f":{"0":9},"b":{"0":[1,8],"1":[1,0],"2":[1,7],"3":[1,6]},"_coverageSchema":"1a1c01bbd47fc00a2c39e90264f33305004495a9","hash":"ec60596c89060b4b4394f0095c90817c55b5b074"}
,"D:\\Compass-challenge3\\src\\services\\UserServices\\SignUpService.ts": {"path":"D:\\Compass-challenge3\\src\\services\\UserServices\\SignUpService.ts","statementMap":{"0":{"start":{"line":8,"column":31},"end":{"line":8,"column":61}},"1":{"start":{"line":10,"column":4},"end":{"line":16,"column":5}},"2":{"start":{"line":11,"column":6},"end":{"line":15,"column":7}},"3":{"start":{"line":18,"column":20},"end":{"line":18,"column":63}},"4":{"start":{"line":19,"column":4},"end":{"line":19,"column":18}}},"fnMap":{"0":{"name":"(anonymous_0)","decl":{"start":{"line":7,"column":2},"end":{"line":7,"column":3}},"loc":{"start":{"line":7,"column":45},"end":{"line":20,"column":3}},"line":7}},"branchMap":{"0":{"loc":{"start":{"line":10,"column":4},"end":{"line":16,"column":5}},"type":"if","locations":[{"start":{"line":10,"column":4},"end":{"line":16,"column":5}},{"start":{},"end":{}}],"line":10},"1":{"loc":{"start":{"line":12,"column":8},"end":{"line":12,"column":49}},"type":"binary-expr","locations":[{"start":{"line":12,"column":8},"end":{"line":12,"column":31}},{"start":{"line":12,"column":35},"end":{"line":12,"column":49}}],"line":12}},"s":{"0":18,"1":18,"2":7,"3":11,"4":11},"f":{"0":18},"b":{"0":[7,11],"1":[7,0]},"_coverageSchema":"1a1c01bbd47fc00a2c39e90264f33305004495a9","hash":"1c52f34af7f0636df1ced8349c053384626dc53f"}
,"D:\\Compass-challenge3\\src\\utils\\checkEvents.ts": {"path":"D:\\Compass-challenge3\\src\\utils\\checkEvents.ts","statementMap":{"0":{"start":{"line":4,"column":27},"end":{"line":53,"column":1}},"1":{"start":{"line":11,"column":37},"end":{"line":11,"column":58}},"2":{"start":{"line":12,"column":2},"end":{"line":14,"column":3}},"3":{"start":{"line":13,"column":4},"end":{"line":13,"column":64}},"4":{"start":{"line":16,"column":17},"end":{"line":19,"column":3}},"5":{"start":{"line":20,"column":25},"end":{"line":24,"column":3}},"6":{"start":{"line":26,"column":2},"end":{"line":37,"column":3}},"7":{"start":{"line":27,"column":4},"end":{"line":36,"column":5}},"8":{"start":{"line":39,"column":2},"end":{"line":50,"column":3}},"9":{"start":{"line":40,"column":4},"end":{"line":49,"column":5}},"10":{"start":{"line":52,"column":2},"end":{"line":52,"column":23}}},"fnMap":{"0":{"name":"(anonymous_0)","decl":{"start":{"line":4,"column":27},"end":{"line":4,"column":28}},"loc":{"start":{"line":10,"column":5},"end":{"line":53,"column":1}},"line":10}},"branchMap":{"0":{"loc":{"start":{"line":12,"column":2},"end":{"line":14,"column":3}},"type":"if","locations":[{"start":{"line":12,"column":2},"end":{"line":14,"column":3}},{"start":{},"end":{}}],"line":12},"1":{"loc":{"start":{"line":26,"column":2},"end":{"line":37,"column":3}},"type":"if","locations":[{"start":{"line":26,"column":2},"end":{"line":37,"column":3}},{"start":{},"end":{}}],"line":26},"2":{"loc":{"start":{"line":39,"column":2},"end":{"line":50,"column":3}},"type":"if","locations":[{"start":{"line":39,"column":2},"end":{"line":50,"column":3}},{"start":{},"end":{}}],"line":39},"3":{"loc":{"start":{"line":39,"column":6},"end":{"line":39,"column":45}},"type":"binary-expr","locations":[{"start":{"line":39,"column":6},"end":{"line":39,"column":19}},{"start":{"line":39,"column":23},"end":{"line":39,"column":45}}],"line":39}},"s":{"0":7,"1":0,"2":0,"3":0,"4":0,"5":0,"6":0,"7":0,"8":0,"9":0,"10":0},"f":{"0":0},"b":{"0":[0,0],"1":[0,0],"2":[0,0],"3":[0,0]},"_coverageSchema":"1a1c01bbd47fc00a2c39e90264f33305004495a9","hash":"124ce1efed05a46665c172a06ed83629fc16786f"}
,"D:\\Compass-challenge3\\src\\utils\\validationResponse.ts": {"path":"D:\\Compass-challenge3\\src\\utils\\validationResponse.ts","statementMap":{"0":{"start":{"line":13,"column":2},"end":{"line":19,"column":3}},"1":{"start":{"line":14,"column":4},"end":{"line":18,"column":5}}},"fnMap":{"0":{"name":"handleValidationResponse","decl":{"start":{"line":9,"column":16},"end":{"line":9,"column":40}},"loc":{"start":{"line":12,"column":2},"end":{"line":20,"column":1}},"line":12}},"branchMap":{"0":{"loc":{"start":{"line":11,"column":2},"end":{"line":11,"column":41}},"type":"default-arg","locations":[{"start":{"line":11,"column":24},"end":{"line":11,"column":41}}],"line":11},"1":{"loc":{"start":{"line":13,"column":2},"end":{"line":19,"column":3}},"type":"if","locations":[{"start":{"line":13,"column":2},"end":{"line":19,"column":3}},{"start":{},"end":{}}],"line":13},"2":{"loc":{"start":{"line":15,"column":6},"end":{"line":15,"column":44}},"type":"binary-expr","locations":[{"start":{"line":15,"column":6},"end":{"line":15,"column":29}},{"start":{"line":15,"column":33},"end":{"line":15,"column":44}}],"line":15}},"s":{"0":0,"1":0},"f":{"0":0},"b":{"0":[0],"1":[0,0],"2":[0,0]},"_coverageSchema":"1a1c01bbd47fc00a2c39e90264f33305004495a9","hash":"d08336cdd68f97a51490947ca47aebac74d0a84a"}
,"D:\\Compass-challenge3\\src\\validation\\EventsValidation\\CheckEventByIdValidator.ts": {"path":"D:\\Compass-challenge3\\src\\validation\\EventsValidation\\CheckEventByIdValidator.ts","statementMap":{"0":{"start":{"line":6,"column":2},"end":{"line":16,"column":3}},"1":{"start":{"line":7,"column":44},"end":{"line":10,"column":5}},"2":{"start":{"line":11,"column":4},"end":{"line":15,"column":5}},"3":{"start":{"line":18,"column":16},"end":{"line":18,"column":45}},"4":{"start":{"line":19,"column":2},"end":{"line":29,"column":3}},"5":{"start":{"line":20,"column":43},"end":{"line":23,"column":5}},"6":{"start":{"line":24,"column":4},"end":{"line":28,"column":5}},"7":{"start":{"line":30,"column":2},"end":{"line":30,"column":28}}},"fnMap":{"0":{"name":"CheckEventByIdValidator","decl":{"start":{"line":5,"column":30},"end":{"line":5,"column":53}},"loc":{"start":{"line":5,"column":71},"end":{"line":31,"column":1}},"line":5}},"branchMap":{"0":{"loc":{"start":{"line":6,"column":2},"end":{"line":16,"column":3}},"type":"if","locations":[{"start":{"line":6,"column":2},"end":{"line":16,"column":3}},{"start":{},"end":{}}],"line":6},"1":{"loc":{"start":{"line":19,"column":2},"end":{"line":29,"column":3}},"type":"if","locations":[{"start":{"line":19,"column":2},"end":{"line":29,"column":3}},{"start":{},"end":{}}],"line":19}},"s":{"0":0,"1":0,"2":0,"3":0,"4":0,"5":0,"6":0,"7":0},"f":{"0":0},"b":{"0":[0,0],"1":[0,0]},"_coverageSchema":"1a1c01bbd47fc00a2c39e90264f33305004495a9","hash":"439172b565cf733404cc85503e2a7c570562edd1"}
,"D:\\Compass-challenge3\\src\\validation\\EventsValidation\\CheckEventsByDayValidator.ts": {"path":"D:\\Compass-challenge3\\src\\validation\\EventsValidation\\CheckEventsByDayValidator.ts","statementMap":{"0":{"start":{"line":5,"column":26},"end":{"line":13,"column":3}},"1":{"start":{"line":15,"column":17},"end":{"line":22,"column":6}},"2":{"start":{"line":16,"column":43},"end":{"line":16,"column":60}},"3":{"start":{"line":24,"column":27},"end":{"line":24,"column":67}},"4":{"start":{"line":26,"column":2},"end":{"line":35,"column":3}},"5":{"start":{"line":27,"column":38},"end":{"line":32,"column":5}},"6":{"start":{"line":28,"column":16},"end":{"line":31,"column":7}},"7":{"start":{"line":34,"column":4},"end":{"line":34,"column":64}},"8":{"start":{"line":37,"column":2},"end":{"line":37,"column":28}}},"fnMap":{"0":{"name":"CheckEventsByDayValidator","decl":{"start":{"line":4,"column":24},"end":{"line":4,"column":49}},"loc":{"start":{"line":4,"column":69},"end":{"line":38,"column":1}},"line":4},"1":{"name":"(anonymous_1)","decl":{"start":{"line":16,"column":34},"end":{"line":16,"column":35}},"loc":{"start":{"line":16,"column":43},"end":{"line":16,"column":60}},"line":16},"2":{"name":"(anonymous_2)","decl":{"start":{"line":28,"column":6},"end":{"line":28,"column":7}},"loc":{"start":{"line":28,"column":16},"end":{"line":31,"column":7}},"line":28}},"branchMap":{"0":{"loc":{"start":{"line":26,"column":2},"end":{"line":35,"column":3}},"type":"if","locations":[{"start":{"line":26,"column":2},"end":{"line":35,"column":3}},{"start":{},"end":{}}],"line":26}},"s":{"0":0,"1":0,"2":0,"3":0,"4":0,"5":0,"6":0,"7":0,"8":0},"f":{"0":0,"1":0,"2":0},"b":{"0":[0,0]},"_coverageSchema":"1a1c01bbd47fc00a2c39e90264f33305004495a9","hash":"1552db8454d39f5059be1b492f6085829a7d7e6e"}
,"D:\\Compass-challenge3\\src\\validation\\EventsValidation\\CreateEventValidator.ts": {"path":"D:\\Compass-challenge3\\src\\validation\\EventsValidation\\CreateEventValidator.ts","statementMap":{"0":{"start":{"line":10,"column":26},"end":{"line":18,"column":3}},"1":{"start":{"line":20,"column":17},"end":{"line":35,"column":4}},"2":{"start":{"line":26,"column":45},"end":{"line":26,"column":62}},"3":{"start":{"line":37,"column":27},"end":{"line":40,"column":4}},"4":{"start":{"line":42,"column":2},"end":{"line":51,"column":3}},"5":{"start":{"line":43,"column":38},"end":{"line":48,"column":5}},"6":{"start":{"line":44,"column":16},"end":{"line":47,"column":7}},"7":{"start":{"line":50,"column":4},"end":{"line":50,"column":64}},"8":{"start":{"line":53,"column":24},"end":{"line":57,"column":4}},"9":{"start":{"line":59,"column":2},"end":{"line":68,"column":3}},"10":{"start":{"line":60,"column":38},"end":{"line":65,"column":5}},"11":{"start":{"line":67,"column":4},"end":{"line":67,"column":64}},"12":{"start":{"line":70,"column":2},"end":{"line":70,"column":28}}},"fnMap":{"0":{"name":"CreateEventValidator","decl":{"start":{"line":6,"column":30},"end":{"line":6,"column":50}},"loc":{"start":{"line":9,"column":2},"end":{"line":71,"column":1}},"line":9},"1":{"name":"(anonymous_1)","decl":{"start":{"line":26,"column":36},"end":{"line":26,"column":37}},"loc":{"start":{"line":26,"column":45},"end":{"line":26,"column":62}},"line":26},"2":{"name":"(anonymous_2)","decl":{"start":{"line":44,"column":6},"end":{"line":44,"column":7}},"loc":{"start":{"line":44,"column":16},"end":{"line":47,"column":7}},"line":44}},"branchMap":{"0":{"loc":{"start":{"line":42,"column":2},"end":{"line":51,"column":3}},"type":"if","locations":[{"start":{"line":42,"column":2},"end":{"line":51,"column":3}},{"start":{},"end":{}}],"line":42},"1":{"loc":{"start":{"line":45,"column":18},"end":{"line":45,"column":50}},"type":"binary-expr","locations":[{"start":{"line":45,"column":18},"end":{"line":45,"column":37}},{"start":{"line":45,"column":41},"end":{"line":45,"column":50}}],"line":45},"2":{"loc":{"start":{"line":59,"column":2},"end":{"line":68,"column":3}},"type":"if","locations":[{"start":{"line":59,"column":2},"end":{"line":68,"column":3}},{"start":{},"end":{}}],"line":59}},"s":{"0":0,"1":0,"2":0,"3":0,"4":0,"5":0,"6":0,"7":0,"8":0,"9":0,"10":0,"11":0,"12":0},"f":{"0":0,"1":0,"2":0},"b":{"0":[0,0],"1":[0,0],"2":[0,0]},"_coverageSchema":"1a1c01bbd47fc00a2c39e90264f33305004495a9","hash":"69072437e7e45b6639c44b363a126b28d3a417f4"}
,"D:\\Compass-challenge3\\src\\validation\\UserValidation\\SignInValidator.ts": {"path":"D:\\Compass-challenge3\\src\\validation\\UserValidation\\SignInValidator.ts","statementMap":{"0":{"start":{"line":6,"column":17},"end":{"line":17,"column":6}},"1":{"start":{"line":19,"column":27},"end":{"line":19,"column":51}},"2":{"start":{"line":21,"column":2},"end":{"line":30,"column":3}},"3":{"start":{"line":22,"column":38},"end":{"line":27,"column":5}},"4":{"start":{"line":23,"column":16},"end":{"line":26,"column":7}},"5":{"start":{"line":29,"column":4},"end":{"line":29,"column":64}},"6":{"start":{"line":32,"column":20},"end":{"line":32,"column":27}},"7":{"start":{"line":33,"column":2},"end":{"line":33,"column":45}}},"fnMap":{"0":{"name":"SignInValidator","decl":{"start":{"line":5,"column":24},"end":{"line":5,"column":39}},"loc":{"start":{"line":5,"column":62},"end":{"line":34,"column":1}},"line":5},"1":{"name":"(anonymous_1)","decl":{"start":{"line":23,"column":6},"end":{"line":23,"column":7}},"loc":{"start":{"line":23,"column":16},"end":{"line":26,"column":7}},"line":23}},"branchMap":{"0":{"loc":{"start":{"line":21,"column":2},"end":{"line":30,"column":3}},"type":"if","locations":[{"start":{"line":21,"column":2},"end":{"line":30,"column":3}},{"start":{},"end":{}}],"line":21},"1":{"loc":{"start":{"line":24,"column":18},"end":{"line":24,"column":50}},"type":"binary-expr","locations":[{"start":{"line":24,"column":18},"end":{"line":24,"column":37}},{"start":{"line":24,"column":41},"end":{"line":24,"column":50}}],"line":24}},"s":{"0":9,"1":9,"2":9,"3":1,"4":1,"5":1,"6":8,"7":8},"f":{"0":9,"1":1},"b":{"0":[1,8],"1":[1,0]},"_coverageSchema":"1a1c01bbd47fc00a2c39e90264f33305004495a9","hash":"c76e43f353ca3f699e9e0e85649c7d59ea09aad2"}
,"D:\\Compass-challenge3\\src\\validation\\UserValidation\\SignUpValidator.ts": {"path":"D:\\Compass-challenge3\\src\\validation\\UserValidation\\SignUpValidator.ts","statementMap":{"0":{"start":{"line":7,"column":25},"end":{"line":7,"column":35}},"1":{"start":{"line":8,"column":2},"end":{"line":8,"column":64}},"2":{"start":{"line":10,"column":17},"end":{"line":30,"column":6}},"3":{"start":{"line":32,"column":27},"end":{"line":32,"column":51}},"4":{"start":{"line":34,"column":2},"end":{"line":43,"column":3}},"5":{"start":{"line":35,"column":38},"end":{"line":40,"column":5}},"6":{"start":{"line":36,"column":16},"end":{"line":39,"column":7}},"7":{"start":{"line":42,"column":4},"end":{"line":42,"column":64}},"8":{"start":{"line":45,"column":24},"end":{"line":45,"column":68}},"9":{"start":{"line":46,"column":2},"end":{"line":55,"column":3}},"10":{"start":{"line":47,"column":38},"end":{"line":52,"column":5}},"11":{"start":{"line":54,"column":4},"end":{"line":54,"column":64}},"12":{"start":{"line":56,"column":2},"end":{"line":56,"column":28}}},"fnMap":{"0":{"name":"SignUpValidator","decl":{"start":{"line":6,"column":30},"end":{"line":6,"column":45}},"loc":{"start":{"line":6,"column":68},"end":{"line":57,"column":1}},"line":6},"1":{"name":"(anonymous_1)","decl":{"start":{"line":36,"column":6},"end":{"line":36,"column":7}},"loc":{"start":{"line":36,"column":16},"end":{"line":39,"column":7}},"line":36}},"branchMap":{"0":{"loc":{"start":{"line":34,"column":2},"end":{"line":43,"column":3}},"type":"if","locations":[{"start":{"line":34,"column":2},"end":{"line":43,"column":3}},{"start":{},"end":{}}],"line":34},"1":{"loc":{"start":{"line":37,"column":18},"end":{"line":37,"column":50}},"type":"binary-expr","locations":[{"start":{"line":37,"column":18},"end":{"line":37,"column":37}},{"start":{"line":37,"column":41},"end":{"line":37,"column":50}}],"line":37},"2":{"loc":{"start":{"line":46,"column":2},"end":{"line":55,"column":3}},"type":"if","locations":[{"start":{"line":46,"column":2},"end":{"line":55,"column":3}},{"start":{},"end":{}}],"line":46}},"s":{"0":18,"1":18,"2":18,"3":18,"4":18,"5":6,"6":7,"7":6,"8":12,"9":12,"10":1,"11":1,"12":11},"f":{"0":18,"1":7},"b":{"0":[6,12],"1":[7,0],"2":[1,11]},"_coverageSchema":"1a1c01bbd47fc00a2c39e90264f33305004495a9","hash":"060fc1d0ce8efedb765cd4841e5789fb53ab74fb"}
}
