{"D:\\Compass-challenge3\\src\\app.ts": {"path":"D:\\Compass-challenge3\\src\\app.ts","statementMap":{"0":{"start":{"line":5,"column":0},"end":{"line":5,"column":15}},"1":{"start":{"line":7,"column":12},"end":{"line":7,"column":21}},"2":{"start":{"line":8,"column":0},"end":{"line":8,"column":23}},"3":{"start":{"line":9,"column":0},"end":{"line":9,"column":20}},"4":{"start":{"line":11,"column":0},"end":{"line":11,"column":9}}},"fnMap":{},"branchMap":{},"s":{"0":7,"1":7,"2":7,"3":7,"4":7},"f":{},"b":{},"_coverageSchema":"1a1c01bbd47fc00a2c39e90264f33305004495a9","hash":"14d1ac8eb615c3c6a7902ca438f7f9ab786efa76"}
,"D:\\Compass-challenge3\\src\\server.ts": {"path":"D:\\Compass-challenge3\\src\\server.ts","statementMap":{"0":{"start":{"line":7,"column":0},"end":{"line":7,"column":15}},"1":{"start":{"line":9,"column":17},"end":{"line":9,"column":38}},"2":{"start":{"line":10,"column":13},"end":{"line":10,"column":29}},"3":{"start":{"line":13,"column":2},"end":{"line":32,"column":3}},"4":{"start":{"line":14,"column":4},"end":{"line":16,"column":5}},"5":{"start":{"line":15,"column":6},"end":{"line":15,"column":21}},"6":{"start":{"line":17,"column":4},"end":{"line":28,"column":39}},"7":{"start":{"line":20,"column":8},"end":{"line":24,"column":9}},"8":{"start":{"line":21,"column":10},"end":{"line":23,"column":12}},"9":{"start":{"line":22,"column":12},"end":{"line":22,"column":58}},"10":{"start":{"line":25,"column":8},"end":{"line":25,"column":75}},"11":{"start":{"line":26,"column":8},"end":{"line":26,"column":28}},"12":{"start":{"line":28,"column":22},"end":{"line":28,"column":38}},"13":{"start":{"line":30,"column":4},"end":{"line":30,"column":56}},"14":{"start":{"line":31,"column":4},"end":{"line":31,"column":19}}},"fnMap":{"0":{"name":"connect","decl":{"start":{"line":12,"column":15},"end":{"line":12,"column":22}},"loc":{"start":{"line":12,"column":25},"end":{"line":33,"column":1}},"line":12},"1":{"name":"(anonymous_1)","decl":{"start":{"line":19,"column":12},"end":{"line":19,"column":13}},"loc":{"start":{"line":19,"column":18},"end":{"line":27,"column":7}},"line":19},"2":{"name":"(anonymous_2)","decl":{"start":{"line":21,"column":27},"end":{"line":21,"column":28}},"loc":{"start":{"line":21,"column":33},"end":{"line":23,"column":11}},"line":21},"3":{"name":"(anonymous_3)","decl":{"start":{"line":28,"column":13},"end":{"line":28,"column":14}},"loc":{"start":{"line":28,"column":22},"end":{"line":28,"column":38}},"line":28}},"branchMap":{"0":{"loc":{"start":{"line":14,"column":4},"end":{"line":16,"column":5}},"type":"if","locations":[{"start":{"line":14,"column":4},"end":{"line":16,"column":5}},{"start":{},"end":{}}],"line":14},"1":{"loc":{"start":{"line":20,"column":8},"end":{"line":24,"column":9}},"type":"if","locations":[{"start":{"line":20,"column":8},"end":{"line":24,"column":9}},{"start":{},"end":{}}],"line":20}},"s":{"0":7,"1":7,"2":7,"3":7,"4":7,"5":0,"6":7,"7":7,"8":0,"9":0,"10":7,"11":7,"12":0,"13":0,"14":0},"f":{"0":7,"1":7,"2":0,"3":0},"b":{"0":[0,7],"1":[0,7]},"_coverageSchema":"1a1c01bbd47fc00a2c39e90264f33305004495a9","hash":"67b2ac69f89fc29df84114bcccdc143a3096cdb1"}
,"D:\\Compass-challenge3\\src\\controllers\\EventsController\\EventsController.ts": {"path":"D:\\Compass-challenge3\\src\\controllers\\EventsController\\EventsController.ts","statementMap":{"0":{"start":{"line":9,"column":4},"end":{"line":22,"column":5}},"1":{"start":{"line":10,"column":31},"end":{"line":10,"column":39}},"2":{"start":{"line":11,"column":28},"end":{"line":11,"column":76}},"3":{"start":{"line":12,"column":21},"end":{"line":12,"column":70}},"4":{"start":{"line":13,"column":6},"end":{"line":13,"column":41}},"5":{"start":{"line":15,"column":6},"end":{"line":21,"column":7}},"6":{"start":{"line":16,"column":8},"end":{"line":18,"column":55}},"7":{"start":{"line":20,"column":8},"end":{"line":20,"column":73}},"8":{"start":{"line":26,"column":4},"end":{"line":51,"column":5}},"9":{"start":{"line":27,"column":32},"end":{"line":27,"column":59}},"10":{"start":{"line":29,"column":6},"end":{"line":31,"column":7}},"11":{"start":{"line":30,"column":8},"end":{"line":30,"column":51}},"12":{"start":{"line":32,"column":28},"end":{"line":32,"column":76}},"13":{"start":{"line":33,"column":40},"end":{"line":33,"column":49}},"14":{"start":{"line":34,"column":19},"end":{"line":34,"column":54}},"15":{"start":{"line":35,"column":21},"end":{"line":41,"column":7}},"16":{"start":{"line":42,"column":6},"end":{"line":42,"column":41}},"17":{"start":{"line":44,"column":6},"end":{"line":50,"column":7}},"18":{"start":{"line":45,"column":8},"end":{"line":47,"column":55}},"19":{"start":{"line":49,"column":8},"end":{"line":49,"column":73}},"20":{"start":{"line":54,"column":4},"end":{"line":67,"column":5}},"21":{"start":{"line":55,"column":32},"end":{"line":55,"column":59}},"22":{"start":{"line":56,"column":28},"end":{"line":56,"column":76}},"23":{"start":{"line":57,"column":21},"end":{"line":57,"column":77}},"24":{"start":{"line":58,"column":6},"end":{"line":58,"column":60}},"25":{"start":{"line":60,"column":6},"end":{"line":66,"column":7}},"26":{"start":{"line":61,"column":8},"end":{"line":63,"column":55}},"27":{"start":{"line":65,"column":8},"end":{"line":65,"column":73}},"28":{"start":{"line":70,"column":4},"end":{"line":83,"column":5}},"29":{"start":{"line":71,"column":30},"end":{"line":71,"column":43}},"30":{"start":{"line":72,"column":28},"end":{"line":72,"column":76}},"31":{"start":{"line":73,"column":20},"end":{"line":73,"column":69}},"32":{"start":{"line":74,"column":6},"end":{"line":74,"column":40}},"33":{"start":{"line":76,"column":6},"end":{"line":82,"column":7}},"34":{"start":{"line":77,"column":8},"end":{"line":79,"column":55}},"35":{"start":{"line":81,"column":8},"end":{"line":81,"column":73}},"36":{"start":{"line":86,"column":4},"end":{"line":99,"column":5}},"37":{"start":{"line":87,"column":30},"end":{"line":87,"column":43}},"38":{"start":{"line":88,"column":28},"end":{"line":88,"column":76}},"39":{"start":{"line":89,"column":20},"end":{"line":89,"column":72}},"40":{"start":{"line":90,"column":6},"end":{"line":90,"column":40}},"41":{"start":{"line":92,"column":6},"end":{"line":98,"column":7}},"42":{"start":{"line":93,"column":8},"end":{"line":95,"column":55}},"43":{"start":{"line":97,"column":8},"end":{"line":97,"column":73}}},"fnMap":{"0":{"name":"(anonymous_0)","decl":{"start":{"line":8,"column":2},"end":{"line":8,"column":3}},"loc":{"start":{"line":8,"column":56},"end":{"line":23,"column":3}},"line":8},"1":{"name":"(anonymous_1)","decl":{"start":{"line":25,"column":2},"end":{"line":25,"column":3}},"loc":{"start":{"line":25,"column":62},"end":{"line":52,"column":3}},"line":25},"2":{"name":"(anonymous_2)","decl":{"start":{"line":53,"column":2},"end":{"line":53,"column":3}},"loc":{"start":{"line":53,"column":62},"end":{"line":68,"column":3}},"line":53},"3":{"name":"(anonymous_3)","decl":{"start":{"line":69,"column":2},"end":{"line":69,"column":3}},"loc":{"start":{"line":69,"column":57},"end":{"line":84,"column":3}},"line":69},"4":{"name":"(anonymous_4)","decl":{"start":{"line":85,"column":2},"end":{"line":85,"column":3}},"loc":{"start":{"line":85,"column":61},"end":{"line":100,"column":3}},"line":85}},"branchMap":{"0":{"loc":{"start":{"line":15,"column":6},"end":{"line":21,"column":7}},"type":"if","locations":[{"start":{"line":15,"column":6},"end":{"line":21,"column":7}},{"start":{"line":19,"column":13},"end":{"line":21,"column":7}}],"line":15},"1":{"loc":{"start":{"line":29,"column":6},"end":{"line":31,"column":7}},"type":"if","locations":[{"start":{"line":29,"column":6},"end":{"line":31,"column":7}},{"start":{},"end":{}}],"line":29},"2":{"loc":{"start":{"line":33,"column":14},"end":{"line":33,"column":25}},"type":"default-arg","locations":[{"start":{"line":33,"column":23},"end":{"line":33,"column":25}}],"line":33},"3":{"loc":{"start":{"line":33,"column":27},"end":{"line":33,"column":35}},"type":"default-arg","locations":[{"start":{"line":33,"column":34},"end":{"line":33,"column":35}}],"line":33},"4":{"loc":{"start":{"line":40,"column":8},"end":{"line":40,"column":54}},"type":"cond-expr","locations":[{"start":{"line":40,"column":36},"end":{"line":40,"column":47}},{"start":{"line":40,"column":50},"end":{"line":40,"column":54}}],"line":40},"5":{"loc":{"start":{"line":44,"column":6},"end":{"line":50,"column":7}},"type":"if","locations":[{"start":{"line":44,"column":6},"end":{"line":50,"column":7}},{"start":{"line":48,"column":13},"end":{"line":50,"column":7}}],"line":44},"6":{"loc":{"start":{"line":60,"column":6},"end":{"line":66,"column":7}},"type":"if","locations":[{"start":{"line":60,"column":6},"end":{"line":66,"column":7}},{"start":{"line":64,"column":13},"end":{"line":66,"column":7}}],"line":60},"7":{"loc":{"start":{"line":76,"column":6},"end":{"line":82,"column":7}},"type":"if","locations":[{"start":{"line":76,"column":6},"end":{"line":82,"column":7}},{"start":{"line":80,"column":13},"end":{"line":82,"column":7}}],"line":76},"8":{"loc":{"start":{"line":92,"column":6},"end":{"line":98,"column":7}},"type":"if","locations":[{"start":{"line":92,"column":6},"end":{"line":98,"column":7}},{"start":{"line":96,"column":13},"end":{"line":98,"column":7}}],"line":92}},"s":{"0":12,"1":12,"2":12,"3":12,"4":10,"5":2,"6":1,"7":1,"8":4,"9":4,"10":4,"11":0,"12":4,"13":4,"14":4,"15":4,"16":1,"17":3,"18":2,"19":1,"20":3,"21":3,"22":3,"23":3,"24":1,"25":2,"26":1,"27":1,"28":4,"29":4,"30":4,"31":4,"32":1,"33":3,"34":2,"35":1,"36":4,"37":4,"38":4,"39":4,"40":1,"41":3,"42":2,"43":1},"f":{"0":12,"1":4,"2":3,"3":4,"4":4},"b":{"0":[1,1],"1":[0,4],"2":[4],"3":[4],"4":[0,4],"5":[2,1],"6":[1,1],"7":[2,1],"8":[2,1]},"_coverageSchema":"1a1c01bbd47fc00a2c39e90264f33305004495a9","hash":"afe174e88d205983ef9b4e4d40f2ce1e9806a31a"}
,"D:\\Compass-challenge3\\src\\controllers\\UserController\\SignInController.ts": {"path":"D:\\Compass-challenge3\\src\\controllers\\UserController\\SignInController.ts","statementMap":{"0":{"start":{"line":8,"column":4},"end":{"line":20,"column":5}},"1":{"start":{"line":9,"column":37},"end":{"line":9,"column":45}},"2":{"start":{"line":10,"column":21},"end":{"line":10,"column":59}},"3":{"start":{"line":11,"column":6},"end":{"line":11,"column":42}},"4":{"start":{"line":13,"column":6},"end":{"line":19,"column":7}},"5":{"start":{"line":14,"column":8},"end":{"line":16,"column":56}},"6":{"start":{"line":18,"column":8},"end":{"line":18,"column":74}}},"fnMap":{"0":{"name":"(anonymous_0)","decl":{"start":{"line":7,"column":2},"end":{"line":7,"column":3}},"loc":{"start":{"line":7,"column":51},"end":{"line":21,"column":3}},"line":7}},"branchMap":{"0":{"loc":{"start":{"line":13,"column":6},"end":{"line":19,"column":7}},"type":"if","locations":[{"start":{"line":13,"column":6},"end":{"line":19,"column":7}},{"start":{"line":17,"column":13},"end":{"line":19,"column":7}}],"line":13}},"s":{"0":10,"1":10,"2":10,"3":6,"4":4,"5":3,"6":1},"f":{"0":10},"b":{"0":[3,1]},"_coverageSchema":"1a1c01bbd47fc00a2c39e90264f33305004495a9","hash":"dfac6be04a701a6527dd9ec240dba260e61db808"}
,"D:\\Compass-challenge3\\src\\controllers\\UserController\\SignUpController.ts": {"path":"D:\\Compass-challenge3\\src\\controllers\\UserController\\SignUpController.ts","statementMap":{"0":{"start":{"line":8,"column":4},"end":{"line":20,"column":5}},"1":{"start":{"line":9,"column":35},"end":{"line":9,"column":43}},"2":{"start":{"line":10,"column":22},"end":{"line":10,"column":58}},"3":{"start":{"line":11,"column":6},"end":{"line":11,"column":42}},"4":{"start":{"line":13,"column":6},"end":{"line":19,"column":7}},"5":{"start":{"line":14,"column":8},"end":{"line":16,"column":55}},"6":{"start":{"line":18,"column":8},"end":{"line":18,"column":73}}},"fnMap":{"0":{"name":"(anonymous_0)","decl":{"start":{"line":7,"column":2},"end":{"line":7,"column":3}},"loc":{"start":{"line":7,"column":51},"end":{"line":21,"column":3}},"line":7}},"branchMap":{"0":{"loc":{"start":{"line":13,"column":6},"end":{"line":19,"column":7}},"type":"if","locations":[{"start":{"line":13,"column":6},"end":{"line":19,"column":7}},{"start":{"line":17,"column":13},"end":{"line":19,"column":7}}],"line":13}},"s":{"0":19,"1":19,"2":19,"3":11,"4":8,"5":7,"6":1},"f":{"0":19},"b":{"0":[7,1]},"_coverageSchema":"1a1c01bbd47fc00a2c39e90264f33305004495a9","hash":"0dc4e22625e1005687ea4f03ded18ab3716bf4d3"}
,"D:\\Compass-challenge3\\src\\errors\\CustomError.ts": {"path":"D:\\Compass-challenge3\\src\\errors\\CustomError.ts","statementMap":{"0":{"start":{"line":13,"column":4},"end":{"line":13,"column":15}},"1":{"start":{"line":14,"column":4},"end":{"line":14,"column":20}},"2":{"start":{"line":15,"column":4},"end":{"line":15,"column":24}},"3":{"start":{"line":16,"column":4},"end":{"line":16,"column":32}}},"fnMap":{"0":{"name":"(anonymous_0)","decl":{"start":{"line":8,"column":2},"end":{"line":8,"column":3}},"loc":{"start":{"line":12,"column":4},"end":{"line":17,"column":3}},"line":12}},"branchMap":{"0":{"loc":{"start":{"line":11,"column":4},"end":{"line":11,"column":28}},"type":"default-arg","locations":[{"start":{"line":11,"column":25},"end":{"line":11,"column":28}}],"line":11}},"s":{"0":33,"1":33,"2":33,"3":33},"f":{"0":33},"b":{"0":[0]},"_coverageSchema":"1a1c01bbd47fc00a2c39e90264f33305004495a9","hash":"fed50776e0fdf9aadd5ce1ca18213fa1bfb4bf3e"}
,"D:\\Compass-challenge3\\src\\middleware\\auth.ts": {"path":"D:\\Compass-challenge3\\src\\middleware\\auth.ts","statementMap":{"0":{"start":{"line":6,"column":40},"end":{"line":48,"column":1}},"1":{"start":{"line":11,"column":21},"end":{"line":11,"column":46}},"2":{"start":{"line":13,"column":2},"end":{"line":20,"column":3}},"3":{"start":{"line":14,"column":18},"end":{"line":18,"column":5}},"4":{"start":{"line":19,"column":4},"end":{"line":19,"column":59}},"5":{"start":{"line":22,"column":2},"end":{"line":29,"column":3}},"6":{"start":{"line":23,"column":18},"end":{"line":27,"column":5}},"7":{"start":{"line":28,"column":4},"end":{"line":28,"column":59}},"8":{"start":{"line":31,"column":16},"end":{"line":31,"column":40}},"9":{"start":{"line":33,"column":2},"end":{"line":47,"column":3}},"10":{"start":{"line":34,"column":37},"end":{"line":37,"column":19}},"11":{"start":{"line":38,"column":4},"end":{"line":38,"column":35}},"12":{"start":{"line":39,"column":4},"end":{"line":39,"column":10}},"13":{"start":{"line":41,"column":4},"end":{"line":45,"column":5}},"14":{"start":{"line":46,"column":4},"end":{"line":46,"column":59}}},"fnMap":{"0":{"name":"(anonymous_0)","decl":{"start":{"line":6,"column":40},"end":{"line":6,"column":41}},"loc":{"start":{"line":10,"column":5},"end":{"line":48,"column":1}},"line":10}},"branchMap":{"0":{"loc":{"start":{"line":13,"column":2},"end":{"line":20,"column":3}},"type":"if","locations":[{"start":{"line":13,"column":2},"end":{"line":20,"column":3}},{"start":{},"end":{}}],"line":13},"1":{"loc":{"start":{"line":22,"column":2},"end":{"line":29,"column":3}},"type":"if","locations":[{"start":{"line":22,"column":2},"end":{"line":29,"column":3}},{"start":{},"end":{}}],"line":22}},"s":{"0":7,"1":42,"2":42,"3":5,"4":5,"5":37,"6":5,"7":5,"8":32,"9":32,"10":32,"11":27,"12":27,"13":5,"14":5},"f":{"0":42},"b":{"0":[5,37],"1":[5,32]},"_coverageSchema":"1a1c01bbd47fc00a2c39e90264f33305004495a9","hash":"f18c169bc0823717b0115899235695c8f9c5c99c"}
,"D:\\Compass-challenge3\\src\\model\\Event.ts": {"path":"D:\\Compass-challenge3\\src\\model\\Event.ts","statementMap":{"0":{"start":{"line":9,"column":20},"end":{"line":13,"column":2}},"1":{"start":{"line":15,"column":14},"end":{"line":15,"column":58}}},"fnMap":{},"branchMap":{},"s":{"0":7,"1":7},"f":{},"b":{},"_coverageSchema":"1a1c01bbd47fc00a2c39e90264f33305004495a9","hash":"cc6365f9cf2f5432486ac18ca2191abd40e7b298"}
,"D:\\Compass-challenge3\\src\\model\\User.ts": {"path":"D:\\Compass-challenge3\\src\\model\\User.ts","statementMap":{"0":{"start":{"line":4,"column":19},"end":{"line":13,"column":2}},"1":{"start":{"line":15,"column":0},"end":{"line":19,"column":2}},"2":{"start":{"line":16,"column":15},"end":{"line":16,"column":39}},"3":{"start":{"line":17,"column":2},"end":{"line":17,"column":57}},"4":{"start":{"line":18,"column":2},"end":{"line":18,"column":38}},"5":{"start":{"line":21,"column":13},"end":{"line":21,"column":57}}},"fnMap":{"0":{"name":"(anonymous_0)","decl":{"start":{"line":15,"column":23},"end":{"line":15,"column":24}},"loc":{"start":{"line":15,"column":41},"end":{"line":19,"column":1}},"line":15}},"branchMap":{},"s":{"0":7,"1":7,"2":11,"3":11,"4":11,"5":7},"f":{"0":11},"b":{},"_coverageSchema":"1a1c01bbd47fc00a2c39e90264f33305004495a9","hash":"7ff4ca438960a6fc02004a30d63f2ce30edc49c4"}
,"D:\\Compass-challenge3\\src\\respositories\\EventsRepositories\\EventsRepository.ts": {"path":"D:\\Compass-challenge3\\src\\respositories\\EventsRepositories\\EventsRepository.ts","statementMap":{"0":{"start":{"line":6,"column":21},"end":{"line":10,"column":6}},"1":{"start":{"line":12,"column":4},"end":{"line":12,"column":19}},"2":{"start":{"line":19,"column":19},"end":{"line":19,"column":67}},"3":{"start":{"line":21,"column":4},"end":{"line":21,"column":17}},"4":{"start":{"line":28,"column":19},"end":{"line":28,"column":58}},"5":{"start":{"line":30,"column":4},"end":{"line":30,"column":17}},"6":{"start":{"line":34,"column":27},"end":{"line":34,"column":66}},"7":{"start":{"line":35,"column":4},"end":{"line":35,"column":49}},"8":{"start":{"line":36,"column":4},"end":{"line":36,"column":25}},"9":{"start":{"line":39,"column":18},"end":{"line":39,"column":47}},"10":{"start":{"line":40,"column":4},"end":{"line":40,"column":16}},"11":{"start":{"line":43,"column":26},"end":{"line":43,"column":55}},"12":{"start":{"line":44,"column":4},"end":{"line":44,"column":47}},"13":{"start":{"line":45,"column":4},"end":{"line":45,"column":24}}},"fnMap":{"0":{"name":"(anonymous_0)","decl":{"start":{"line":5,"column":2},"end":{"line":5,"column":3}},"loc":{"start":{"line":5,"column":58},"end":{"line":13,"column":3}},"line":5},"1":{"name":"(anonymous_1)","decl":{"start":{"line":14,"column":2},"end":{"line":14,"column":3}},"loc":{"start":{"line":18,"column":4},"end":{"line":22,"column":3}},"line":18},"2":{"name":"(anonymous_2)","decl":{"start":{"line":24,"column":2},"end":{"line":24,"column":3}},"loc":{"start":{"line":27,"column":4},"end":{"line":31,"column":3}},"line":27},"3":{"name":"(anonymous_3)","decl":{"start":{"line":33,"column":2},"end":{"line":33,"column":3}},"loc":{"start":{"line":33,"column":68},"end":{"line":37,"column":3}},"line":33},"4":{"name":"(anonymous_4)","decl":{"start":{"line":38,"column":2},"end":{"line":38,"column":3}},"loc":{"start":{"line":38,"column":45},"end":{"line":41,"column":3}},"line":38},"5":{"name":"(anonymous_5)","decl":{"start":{"line":42,"column":2},"end":{"line":42,"column":3}},"loc":{"start":{"line":42,"column":64},"end":{"line":46,"column":3}},"line":42}},"branchMap":{},"s":{"0":10,"1":10,"2":2,"3":2,"4":2,"5":2,"6":1,"7":1,"8":1,"9":1,"10":1,"11":1,"12":1,"13":1},"f":{"0":10,"1":2,"2":2,"3":1,"4":1,"5":1},"b":{},"_coverageSchema":"1a1c01bbd47fc00a2c39e90264f33305004495a9","hash":"26bbd1881631a0069a4cdd76cf857e8f2d0e761b"}
,"D:\\Compass-challenge3\\src\\respositories\\UserRespositories\\SignInRepository.ts": {"path":"D:\\Compass-challenge3\\src\\respositories\\UserRespositories\\SignInRepository.ts","statementMap":{"0":{"start":{"line":7,"column":25},"end":{"line":7,"column":69}},"1":{"start":{"line":8,"column":4},"end":{"line":8,"column":45}}},"fnMap":{"0":{"name":"(anonymous_0)","decl":{"start":{"line":6,"column":2},"end":{"line":6,"column":3}},"loc":{"start":{"line":6,"column":72},"end":{"line":9,"column":3}},"line":6}},"branchMap":{},"s":{"0":8,"1":8},"f":{"0":8},"b":{},"_coverageSchema":"1a1c01bbd47fc00a2c39e90264f33305004495a9","hash":"653b912e52baff8862d461c02fa2837c73927ed2"}
,"D:\\Compass-challenge3\\src\\respositories\\UserRespositories\\SignUpRepository.ts": {"path":"D:\\Compass-challenge3\\src\\respositories\\UserRespositories\\SignUpRepository.ts","statementMap":{"0":{"start":{"line":6,"column":20},"end":{"line":6,"column":43}},"1":{"start":{"line":7,"column":4},"end":{"line":7,"column":18}}},"fnMap":{"0":{"name":"(anonymous_0)","decl":{"start":{"line":5,"column":2},"end":{"line":5,"column":3}},"loc":{"start":{"line":5,"column":45},"end":{"line":8,"column":3}},"line":5}},"branchMap":{},"s":{"0":11,"1":11},"f":{"0":11},"b":{},"_coverageSchema":"1a1c01bbd47fc00a2c39e90264f33305004495a9","hash":"552b8e3d78b6620221d8ac6917bea28c844cb84f"}
,"D:\\Compass-challenge3\\src\\routes\\Routes.ts": {"path":"D:\\Compass-challenge3\\src\\routes\\Routes.ts","statementMap":{"0":{"start":{"line":7,"column":23},"end":{"line":7,"column":39}},"1":{"start":{"line":9,"column":15},"end":{"line":9,"column":24}},"2":{"start":{"line":11,"column":0},"end":{"line":42,"column":3}}},"fnMap":{},"branchMap":{},"s":{"0":7,"1":7,"2":7},"f":{},"b":{},"_coverageSchema":"1a1c01bbd47fc00a2c39e90264f33305004495a9","hash":"02c39cfc426705c5e0e70eabf15783a04a5d7675"}
,"D:\\Compass-challenge3\\src\\services\\EventsServices\\EventsServices.ts": {"path":"D:\\Compass-challenge3\\src\\services\\EventsServices\\EventsServices.ts","statementMap":{"0":{"start":{"line":11,"column":31},"end":{"line":11,"column":60}},"1":{"start":{"line":13,"column":4},"end":{"line":19,"column":5}},"2":{"start":{"line":14,"column":6},"end":{"line":18,"column":7}},"3":{"start":{"line":21,"column":25},"end":{"line":21,"column":77}},"4":{"start":{"line":22,"column":21},"end":{"line":25,"column":5}},"5":{"start":{"line":27,"column":4},"end":{"line":27,"column":19}},"6":{"start":{"line":36,"column":31},"end":{"line":36,"column":67}},"7":{"start":{"line":37,"column":25},"end":{"line":37,"column":77}},"8":{"start":{"line":38,"column":19},"end":{"line":38,"column":38}},"9":{"start":{"line":39,"column":4},"end":{"line":45,"column":5}},"10":{"start":{"line":40,"column":6},"end":{"line":44,"column":7}},"11":{"start":{"line":46,"column":39},"end":{"line":46,"column":60}},"12":{"start":{"line":47,"column":4},"end":{"line":49,"column":5}},"13":{"start":{"line":48,"column":6},"end":{"line":48,"column":66}},"14":{"start":{"line":50,"column":19},"end":{"line":53,"column":5}},"15":{"start":{"line":54,"column":27},"end":{"line":58,"column":5}},"16":{"start":{"line":59,"column":4},"end":{"line":70,"column":5}},"17":{"start":{"line":60,"column":6},"end":{"line":69,"column":7}},"18":{"start":{"line":72,"column":4},"end":{"line":83,"column":5}},"19":{"start":{"line":73,"column":6},"end":{"line":82,"column":7}},"20":{"start":{"line":84,"column":4},"end":{"line":84,"column":25}},"21":{"start":{"line":87,"column":31},"end":{"line":87,"column":65}},"22":{"start":{"line":88,"column":25},"end":{"line":88,"column":77}},"23":{"start":{"line":89,"column":19},"end":{"line":89,"column":38}},"24":{"start":{"line":90,"column":4},"end":{"line":96,"column":5}},"25":{"start":{"line":91,"column":6},"end":{"line":95,"column":7}},"26":{"start":{"line":97,"column":26},"end":{"line":100,"column":5}},"27":{"start":{"line":101,"column":4},"end":{"line":101,"column":24}},"28":{"start":{"line":104,"column":31},"end":{"line":104,"column":69}},"29":{"start":{"line":105,"column":4},"end":{"line":111,"column":5}},"30":{"start":{"line":106,"column":6},"end":{"line":110,"column":7}},"31":{"start":{"line":112,"column":4},"end":{"line":112,"column":55}},"32":{"start":{"line":115,"column":31},"end":{"line":115,"column":69}},"33":{"start":{"line":116,"column":25},"end":{"line":116,"column":77}},"34":{"start":{"line":117,"column":19},"end":{"line":117,"column":38}},"35":{"start":{"line":118,"column":4},"end":{"line":124,"column":5}},"36":{"start":{"line":119,"column":6},"end":{"line":123,"column":7}},"37":{"start":{"line":125,"column":4},"end":{"line":125,"column":66}}},"fnMap":{"0":{"name":"(anonymous_0)","decl":{"start":{"line":10,"column":2},"end":{"line":10,"column":3}},"loc":{"start":{"line":10,"column":59},"end":{"line":28,"column":3}},"line":10},"1":{"name":"(anonymous_1)","decl":{"start":{"line":29,"column":2},"end":{"line":29,"column":3}},"loc":{"start":{"line":35,"column":4},"end":{"line":85,"column":3}},"line":35},"2":{"name":"(anonymous_2)","decl":{"start":{"line":86,"column":2},"end":{"line":86,"column":3}},"loc":{"start":{"line":86,"column":65},"end":{"line":102,"column":3}},"line":86},"3":{"name":"(anonymous_3)","decl":{"start":{"line":103,"column":2},"end":{"line":103,"column":3}},"loc":{"start":{"line":103,"column":60},"end":{"line":113,"column":3}},"line":103},"4":{"name":"(anonymous_4)","decl":{"start":{"line":114,"column":2},"end":{"line":114,"column":3}},"loc":{"start":{"line":114,"column":63},"end":{"line":126,"column":3}},"line":114}},"branchMap":{"0":{"loc":{"start":{"line":13,"column":4},"end":{"line":19,"column":5}},"type":"if","locations":[{"start":{"line":13,"column":4},"end":{"line":19,"column":5}},{"start":{},"end":{}}],"line":13},"1":{"loc":{"start":{"line":15,"column":8},"end":{"line":15,"column":52}},"type":"binary-expr","locations":[{"start":{"line":15,"column":8},"end":{"line":15,"column":31}},{"start":{"line":15,"column":35},"end":{"line":15,"column":52}}],"line":15},"2":{"loc":{"start":{"line":39,"column":4},"end":{"line":45,"column":5}},"type":"if","locations":[{"start":{"line":39,"column":4},"end":{"line":45,"column":5}},{"start":{},"end":{}}],"line":39},"3":{"loc":{"start":{"line":41,"column":8},"end":{"line":41,"column":52}},"type":"binary-expr","locations":[{"start":{"line":41,"column":8},"end":{"line":41,"column":31}},{"start":{"line":41,"column":35},"end":{"line":41,"column":52}}],"line":41},"4":{"loc":{"start":{"line":47,"column":4},"end":{"line":49,"column":5}},"type":"if","locations":[{"start":{"line":47,"column":4},"end":{"line":49,"column":5}},{"start":{},"end":{}}],"line":47},"5":{"loc":{"start":{"line":59,"column":4},"end":{"line":70,"column":5}},"type":"if","locations":[{"start":{"line":59,"column":4},"end":{"line":70,"column":5}},{"start":{},"end":{}}],"line":59},"6":{"loc":{"start":{"line":72,"column":4},"end":{"line":83,"column":5}},"type":"if","locations":[{"start":{"line":72,"column":4},"end":{"line":83,"column":5}},{"start":{},"end":{}}],"line":72},"7":{"loc":{"start":{"line":72,"column":8},"end":{"line":72,"column":47}},"type":"binary-expr","locations":[{"start":{"line":72,"column":8},"end":{"line":72,"column":21}},{"start":{"line":72,"column":25},"end":{"line":72,"column":47}}],"line":72},"8":{"loc":{"start":{"line":90,"column":4},"end":{"line":96,"column":5}},"type":"if","locations":[{"start":{"line":90,"column":4},"end":{"line":96,"column":5}},{"start":{},"end":{}}],"line":90},"9":{"loc":{"start":{"line":92,"column":8},"end":{"line":92,"column":52}},"type":"binary-expr","locations":[{"start":{"line":92,"column":8},"end":{"line":92,"column":31}},{"start":{"line":92,"column":35},"end":{"line":92,"column":52}}],"line":92},"10":{"loc":{"start":{"line":105,"column":4},"end":{"line":111,"column":5}},"type":"if","locations":[{"start":{"line":105,"column":4},"end":{"line":111,"column":5}},{"start":{},"end":{}}],"line":105},"11":{"loc":{"start":{"line":107,"column":8},"end":{"line":107,"column":52}},"type":"binary-expr","locations":[{"start":{"line":107,"column":8},"end":{"line":107,"column":31}},{"start":{"line":107,"column":35},"end":{"line":107,"column":52}}],"line":107},"12":{"loc":{"start":{"line":118,"column":4},"end":{"line":124,"column":5}},"type":"if","locations":[{"start":{"line":118,"column":4},"end":{"line":124,"column":5}},{"start":{},"end":{}}],"line":118},"13":{"loc":{"start":{"line":120,"column":8},"end":{"line":120,"column":52}},"type":"binary-expr","locations":[{"start":{"line":120,"column":8},"end":{"line":120,"column":31}},{"start":{"line":120,"column":35},"end":{"line":120,"column":52}}],"line":120}},"s":{"0":11,"1":11,"2":1,"3":10,"4":10,"5":10,"6":3,"7":3,"8":3,"9":3,"10":1,"11":2,"12":2,"13":0,"14":2,"15":2,"16":2,"17":1,"18":1,"19":0,"20":1,"21":2,"22":2,"23":2,"24":2,"25":1,"26":1,"27":1,"28":3,"29":3,"30":2,"31":1,"32":3,"33":3,"34":3,"35":3,"36":2,"37":1},"f":{"0":11,"1":3,"2":2,"3":3,"4":3},"b":{"0":[1,10],"1":[1,0],"2":[1,2],"3":[1,0],"4":[0,2],"5":[1,1],"6":[0,1],"7":[1,1],"8":[1,1],"9":[1,0],"10":[2,1],"11":[2,0],"12":[2,1],"13":[2,0]},"_coverageSchema":"1a1c01bbd47fc00a2c39e90264f33305004495a9","hash":"898a143e6c5526bb08cf1761e91d624c9bdde6ce"}
,"D:\\Compass-challenge3\\src\\services\\UserServices\\SignInService.ts": {"path":"D:\\Compass-challenge3\\src\\services\\UserServices\\SignInService.ts","statementMap":{"0":{"start":{"line":10,"column":31},"end":{"line":10,"column":55}},"1":{"start":{"line":12,"column":4},"end":{"line":18,"column":5}},"2":{"start":{"line":13,"column":6},"end":{"line":17,"column":7}},"3":{"start":{"line":20,"column":25},"end":{"line":20,"column":62}},"4":{"start":{"line":22,"column":4},"end":{"line":33,"column":5}},"5":{"start":{"line":23,"column":6},"end":{"line":32,"column":7}},"6":{"start":{"line":35,"column":26},"end":{"line":38,"column":5}},"7":{"start":{"line":40,"column":4},"end":{"line":51,"column":5}},"8":{"start":{"line":41,"column":6},"end":{"line":50,"column":7}},"9":{"start":{"line":53,"column":18},"end":{"line":53,"column":77}},"10":{"start":{"line":55,"column":19},"end":{"line":60,"column":5}},"11":{"start":{"line":62,"column":4},"end":{"line":62,"column":17}}},"fnMap":{"0":{"name":"(anonymous_0)","decl":{"start":{"line":9,"column":2},"end":{"line":9,"column":3}},"loc":{"start":{"line":9,"column":45},"end":{"line":63,"column":3}},"line":9}},"branchMap":{"0":{"loc":{"start":{"line":12,"column":4},"end":{"line":18,"column":5}},"type":"if","locations":[{"start":{"line":12,"column":4},"end":{"line":18,"column":5}},{"start":{},"end":{}}],"line":12},"1":{"loc":{"start":{"line":14,"column":8},"end":{"line":14,"column":52}},"type":"binary-expr","locations":[{"start":{"line":14,"column":8},"end":{"line":14,"column":31}},{"start":{"line":14,"column":35},"end":{"line":14,"column":52}}],"line":14},"2":{"loc":{"start":{"line":22,"column":4},"end":{"line":33,"column":5}},"type":"if","locations":[{"start":{"line":22,"column":4},"end":{"line":33,"column":5}},{"start":{},"end":{}}],"line":22},"3":{"loc":{"start":{"line":40,"column":4},"end":{"line":51,"column":5}},"type":"if","locations":[{"start":{"line":40,"column":4},"end":{"line":51,"column":5}},{"start":{},"end":{}}],"line":40}},"s":{"0":9,"1":9,"2":1,"3":8,"4":8,"5":1,"6":7,"7":7,"8":1,"9":6,"10":6,"11":6},"f":{"0":9},"b":{"0":[1,8],"1":[1,0],"2":[1,7],"3":[1,6]},"_coverageSchema":"1a1c01bbd47fc00a2c39e90264f33305004495a9","hash":"ec60596c89060b4b4394f0095c90817c55b5b074"}
,"D:\\Compass-challenge3\\src\\services\\UserServices\\SignUpService.ts": {"path":"D:\\Compass-challenge3\\src\\services\\UserServices\\SignUpService.ts","statementMap":{"0":{"start":{"line":8,"column":31},"end":{"line":8,"column":61}},"1":{"start":{"line":10,"column":4},"end":{"line":16,"column":5}},"2":{"start":{"line":11,"column":6},"end":{"line":15,"column":7}},"3":{"start":{"line":18,"column":20},"end":{"line":18,"column":63}},"4":{"start":{"line":19,"column":4},"end":{"line":19,"column":18}}},"fnMap":{"0":{"name":"(anonymous_0)","decl":{"start":{"line":7,"column":2},"end":{"line":7,"column":3}},"loc":{"start":{"line":7,"column":45},"end":{"line":20,"column":3}},"line":7}},"branchMap":{"0":{"loc":{"start":{"line":10,"column":4},"end":{"line":16,"column":5}},"type":"if","locations":[{"start":{"line":10,"column":4},"end":{"line":16,"column":5}},{"start":{},"end":{}}],"line":10},"1":{"loc":{"start":{"line":12,"column":8},"end":{"line":12,"column":49}},"type":"binary-expr","locations":[{"start":{"line":12,"column":8},"end":{"line":12,"column":31}},{"start":{"line":12,"column":35},"end":{"line":12,"column":49}}],"line":12}},"s":{"0":18,"1":18,"2":7,"3":11,"4":11},"f":{"0":18},"b":{"0":[7,11],"1":[7,0]},"_coverageSchema":"1a1c01bbd47fc00a2c39e90264f33305004495a9","hash":"1c52f34af7f0636df1ced8349c053384626dc53f"}
,"D:\\Compass-challenge3\\src\\validation\\EventsValidation\\CheckEventByIdValidator.ts": {"path":"D:\\Compass-challenge3\\src\\validation\\EventsValidation\\CheckEventByIdValidator.ts","statementMap":{"0":{"start":{"line":6,"column":2},"end":{"line":16,"column":3}},"1":{"start":{"line":7,"column":44},"end":{"line":10,"column":5}},"2":{"start":{"line":11,"column":4},"end":{"line":15,"column":5}},"3":{"start":{"line":18,"column":16},"end":{"line":18,"column":45}},"4":{"start":{"line":19,"column":2},"end":{"line":29,"column":3}},"5":{"start":{"line":20,"column":43},"end":{"line":23,"column":5}},"6":{"start":{"line":24,"column":4},"end":{"line":28,"column":5}},"7":{"start":{"line":30,"column":2},"end":{"line":30,"column":28}}},"fnMap":{"0":{"name":"CheckEventByIdValidator","decl":{"start":{"line":5,"column":30},"end":{"line":5,"column":53}},"loc":{"start":{"line":5,"column":71},"end":{"line":31,"column":1}},"line":5}},"branchMap":{"0":{"loc":{"start":{"line":6,"column":2},"end":{"line":16,"column":3}},"type":"if","locations":[{"start":{"line":6,"column":2},"end":{"line":16,"column":3}},{"start":{},"end":{}}],"line":6},"1":{"loc":{"start":{"line":19,"column":2},"end":{"line":29,"column":3}},"type":"if","locations":[{"start":{"line":19,"column":2},"end":{"line":29,"column":3}},{"start":{},"end":{}}],"line":19}},"s":{"0":6,"1":2,"2":2,"3":4,"4":4,"5":2,"6":2,"7":2},"f":{"0":6},"b":{"0":[2,4],"1":[2,2]},"_coverageSchema":"1a1c01bbd47fc00a2c39e90264f33305004495a9","hash":"439172b565cf733404cc85503e2a7c570562edd1"}
,"D:\\Compass-challenge3\\src\\validation\\EventsValidation\\CheckEventsByDayValidator.ts": {"path":"D:\\Compass-challenge3\\src\\validation\\EventsValidation\\CheckEventsByDayValidator.ts","statementMap":{"0":{"start":{"line":5,"column":26},"end":{"line":13,"column":3}},"1":{"start":{"line":15,"column":17},"end":{"line":22,"column":6}},"2":{"start":{"line":16,"column":43},"end":{"line":16,"column":60}},"3":{"start":{"line":24,"column":27},"end":{"line":24,"column":67}},"4":{"start":{"line":26,"column":2},"end":{"line":35,"column":3}},"5":{"start":{"line":27,"column":38},"end":{"line":32,"column":5}},"6":{"start":{"line":28,"column":16},"end":{"line":31,"column":7}},"7":{"start":{"line":34,"column":4},"end":{"line":34,"column":64}},"8":{"start":{"line":37,"column":2},"end":{"line":37,"column":28}}},"fnMap":{"0":{"name":"CheckEventsByDayValidator","decl":{"start":{"line":4,"column":24},"end":{"line":4,"column":49}},"loc":{"start":{"line":4,"column":69},"end":{"line":38,"column":1}},"line":4},"1":{"name":"(anonymous_1)","decl":{"start":{"line":16,"column":34},"end":{"line":16,"column":35}},"loc":{"start":{"line":16,"column":43},"end":{"line":16,"column":60}},"line":16},"2":{"name":"(anonymous_2)","decl":{"start":{"line":28,"column":6},"end":{"line":28,"column":7}},"loc":{"start":{"line":28,"column":16},"end":{"line":31,"column":7}},"line":28}},"branchMap":{"0":{"loc":{"start":{"line":26,"column":2},"end":{"line":35,"column":3}},"type":"if","locations":[{"start":{"line":26,"column":2},"end":{"line":35,"column":3}},{"start":{},"end":{}}],"line":26}},"s":{"0":5,"1":5,"2":35,"3":5,"4":5,"5":2,"6":2,"7":2,"8":3},"f":{"0":5,"1":35,"2":2},"b":{"0":[2,3]},"_coverageSchema":"1a1c01bbd47fc00a2c39e90264f33305004495a9","hash":"1552db8454d39f5059be1b492f6085829a7d7e6e"}
,"D:\\Compass-challenge3\\src\\validation\\EventsValidation\\CreateEventValidator.ts": {"path":"D:\\Compass-challenge3\\src\\validation\\EventsValidation\\CreateEventValidator.ts","statementMap":{"0":{"start":{"line":6,"column":26},"end":{"line":14,"column":3}},"1":{"start":{"line":16,"column":17},"end":{"line":31,"column":4}},"2":{"start":{"line":22,"column":45},"end":{"line":22,"column":62}},"3":{"start":{"line":33,"column":27},"end":{"line":36,"column":4}},"4":{"start":{"line":38,"column":2},"end":{"line":47,"column":3}},"5":{"start":{"line":39,"column":38},"end":{"line":44,"column":5}},"6":{"start":{"line":40,"column":16},"end":{"line":43,"column":7}},"7":{"start":{"line":46,"column":4},"end":{"line":46,"column":64}},"8":{"start":{"line":49,"column":2},"end":{"line":49,"column":28}}},"fnMap":{"0":{"name":"CreateEventValidator","decl":{"start":{"line":5,"column":24},"end":{"line":5,"column":44}},"loc":{"start":{"line":5,"column":62},"end":{"line":50,"column":1}},"line":5},"1":{"name":"(anonymous_1)","decl":{"start":{"line":22,"column":36},"end":{"line":22,"column":37}},"loc":{"start":{"line":22,"column":45},"end":{"line":22,"column":62}},"line":22},"2":{"name":"(anonymous_2)","decl":{"start":{"line":40,"column":6},"end":{"line":40,"column":7}},"loc":{"start":{"line":40,"column":16},"end":{"line":43,"column":7}},"line":40}},"branchMap":{"0":{"loc":{"start":{"line":38,"column":2},"end":{"line":47,"column":3}},"type":"if","locations":[{"start":{"line":38,"column":2},"end":{"line":47,"column":3}},{"start":{},"end":{}}],"line":38},"1":{"loc":{"start":{"line":41,"column":18},"end":{"line":41,"column":50}},"type":"binary-expr","locations":[{"start":{"line":41,"column":18},"end":{"line":41,"column":37}},{"start":{"line":41,"column":41},"end":{"line":41,"column":50}}],"line":41}},"s":{"0":11,"1":11,"2":77,"3":11,"4":11,"5":1,"6":1,"7":1,"8":10},"f":{"0":11,"1":77,"2":1},"b":{"0":[1,10],"1":[1,0]},"_coverageSchema":"1a1c01bbd47fc00a2c39e90264f33305004495a9","hash":"cd478215c69119fa188b1673b3986bdbbe09874a"}
,"D:\\Compass-challenge3\\src\\validation\\UserValidation\\SignInValidator.ts": {"path":"D:\\Compass-challenge3\\src\\validation\\UserValidation\\SignInValidator.ts","statementMap":{"0":{"start":{"line":6,"column":17},"end":{"line":17,"column":6}},"1":{"start":{"line":19,"column":27},"end":{"line":19,"column":51}},"2":{"start":{"line":21,"column":2},"end":{"line":30,"column":3}},"3":{"start":{"line":22,"column":38},"end":{"line":27,"column":5}},"4":{"start":{"line":23,"column":16},"end":{"line":26,"column":7}},"5":{"start":{"line":29,"column":4},"end":{"line":29,"column":64}},"6":{"start":{"line":32,"column":20},"end":{"line":32,"column":27}},"7":{"start":{"line":33,"column":2},"end":{"line":33,"column":45}}},"fnMap":{"0":{"name":"SignInValidator","decl":{"start":{"line":5,"column":24},"end":{"line":5,"column":39}},"loc":{"start":{"line":5,"column":62},"end":{"line":34,"column":1}},"line":5},"1":{"name":"(anonymous_1)","decl":{"start":{"line":23,"column":6},"end":{"line":23,"column":7}},"loc":{"start":{"line":23,"column":16},"end":{"line":26,"column":7}},"line":23}},"branchMap":{"0":{"loc":{"start":{"line":21,"column":2},"end":{"line":30,"column":3}},"type":"if","locations":[{"start":{"line":21,"column":2},"end":{"line":30,"column":3}},{"start":{},"end":{}}],"line":21},"1":{"loc":{"start":{"line":24,"column":18},"end":{"line":24,"column":50}},"type":"binary-expr","locations":[{"start":{"line":24,"column":18},"end":{"line":24,"column":37}},{"start":{"line":24,"column":41},"end":{"line":24,"column":50}}],"line":24}},"s":{"0":9,"1":9,"2":9,"3":1,"4":1,"5":1,"6":8,"7":8},"f":{"0":9,"1":1},"b":{"0":[1,8],"1":[1,0]},"_coverageSchema":"1a1c01bbd47fc00a2c39e90264f33305004495a9","hash":"c76e43f353ca3f699e9e0e85649c7d59ea09aad2"}
,"D:\\Compass-challenge3\\src\\validation\\UserValidation\\SignUpValidator.ts": {"path":"D:\\Compass-challenge3\\src\\validation\\UserValidation\\SignUpValidator.ts","statementMap":{"0":{"start":{"line":7,"column":25},"end":{"line":7,"column":35}},"1":{"start":{"line":8,"column":2},"end":{"line":8,"column":64}},"2":{"start":{"line":10,"column":17},"end":{"line":30,"column":6}},"3":{"start":{"line":32,"column":27},"end":{"line":32,"column":51}},"4":{"start":{"line":34,"column":2},"end":{"line":43,"column":3}},"5":{"start":{"line":35,"column":38},"end":{"line":40,"column":5}},"6":{"start":{"line":36,"column":16},"end":{"line":39,"column":7}},"7":{"start":{"line":42,"column":4},"end":{"line":42,"column":64}},"8":{"start":{"line":45,"column":24},"end":{"line":45,"column":68}},"9":{"start":{"line":46,"column":2},"end":{"line":55,"column":3}},"10":{"start":{"line":47,"column":38},"end":{"line":52,"column":5}},"11":{"start":{"line":54,"column":4},"end":{"line":54,"column":64}},"12":{"start":{"line":56,"column":2},"end":{"line":56,"column":28}}},"fnMap":{"0":{"name":"SignUpValidator","decl":{"start":{"line":6,"column":30},"end":{"line":6,"column":45}},"loc":{"start":{"line":6,"column":68},"end":{"line":57,"column":1}},"line":6},"1":{"name":"(anonymous_1)","decl":{"start":{"line":36,"column":6},"end":{"line":36,"column":7}},"loc":{"start":{"line":36,"column":16},"end":{"line":39,"column":7}},"line":36}},"branchMap":{"0":{"loc":{"start":{"line":34,"column":2},"end":{"line":43,"column":3}},"type":"if","locations":[{"start":{"line":34,"column":2},"end":{"line":43,"column":3}},{"start":{},"end":{}}],"line":34},"1":{"loc":{"start":{"line":37,"column":18},"end":{"line":37,"column":50}},"type":"binary-expr","locations":[{"start":{"line":37,"column":18},"end":{"line":37,"column":37}},{"start":{"line":37,"column":41},"end":{"line":37,"column":50}}],"line":37},"2":{"loc":{"start":{"line":46,"column":2},"end":{"line":55,"column":3}},"type":"if","locations":[{"start":{"line":46,"column":2},"end":{"line":55,"column":3}},{"start":{},"end":{}}],"line":46}},"s":{"0":18,"1":18,"2":18,"3":18,"4":18,"5":6,"6":7,"7":6,"8":12,"9":12,"10":1,"11":1,"12":11},"f":{"0":18,"1":7},"b":{"0":[6,12],"1":[7,0],"2":[1,11]},"_coverageSchema":"1a1c01bbd47fc00a2c39e90264f33305004495a9","hash":"060fc1d0ce8efedb765cd4841e5789fb53ab74fb"}
}
