TN:
SF:src\app.ts
FNF:0
FNH:0
DA:5,7
DA:7,7
DA:8,7
DA:9,7
DA:11,7
LF:5
LH:5
BRF:0
BRH:0
end_of_record
TN:
SF:src\server.ts
FN:12,connect
FN:19,(anonymous_1)
FN:21,(anonymous_2)
FN:28,(anonymous_3)
FNF:4
FNH:2
FNDA:7,connect
FNDA:7,(anonymous_1)
FNDA:0,(anonymous_2)
FNDA:0,(anonymous_3)
DA:7,7
DA:9,7
DA:10,7
DA:13,7
DA:14,7
DA:15,0
DA:17,7
DA:20,7
DA:21,0
DA:22,0
DA:25,7
DA:26,7
DA:28,0
DA:30,0
DA:31,0
LF:15
LH:9
BRDA:14,0,0,0
BRDA:14,0,1,7
BRDA:20,1,0,0
BRDA:20,1,1,7
BRF:4
BRH:2
end_of_record
TN:
SF:src\controllers\EventsController\EventsController.ts
FN:7,(anonymous_0)
FN:18,(anonymous_1)
FN:41,(anonymous_2)
FN:52,(anonymous_3)
FN:63,(anonymous_4)
FNF:5
FNH:5
FNDA:15,(anonymous_0)
FNDA:5,(anonymous_1)
FNDA:3,(anonymous_2)
FNDA:4,(anonymous_3)
FNDA:4,(anonymous_4)
DA:8,15
DA:9,15
DA:10,15
DA:11,15
DA:12,12
DA:14,3
DA:19,5
DA:20,5
DA:22,5
DA:23,1
DA:25,5
DA:26,5
DA:27,5
DA:28,5
DA:35,1
DA:37,4
DA:42,3
DA:43,3
DA:44,3
DA:45,3
DA:46,1
DA:48,2
DA:53,4
DA:54,4
DA:55,4
DA:56,4
DA:57,1
DA:59,3
DA:64,4
DA:65,4
DA:66,4
DA:67,4
DA:68,1
DA:70,3
LF:34
LH:34
BRDA:22,0,0,1
BRDA:22,0,1,4
BRDA:26,1,0,4
BRDA:26,2,0,4
BRDA:33,3,0,1
BRDA:33,3,1,4
BRF:6
BRH:6
end_of_record
TN:
SF:src\controllers\UserController\SignInController.ts
FN:8,(anonymous_0)
FNF:1
FNH:1
FNDA:10,(anonymous_0)
DA:9,10
DA:10,10
DA:11,10
DA:12,6
DA:14,4
LF:5
LH:5
BRF:0
BRH:0
end_of_record
TN:
SF:src\controllers\UserController\SignUpController.ts
FN:8,(anonymous_0)
FNF:1
FNH:1
FNDA:19,(anonymous_0)
DA:9,19
DA:10,19
DA:11,19
DA:12,11
DA:14,8
LF:5
LH:5
BRF:0
BRH:0
end_of_record
TN:
SF:src\errors\CustomError.ts
FN:8,(anonymous_0)
FNF:1
FNH:1
FNDA:35,(anonymous_0)
DA:13,35
DA:14,35
DA:15,35
DA:16,35
LF:4
LH:4
BRDA:11,0,0,0
BRF:1
BRH:0
end_of_record
TN:
SF:src\middleware\auth.ts
FN:6,(anonymous_0)
FNF:1
FNH:1
FNDA:46,(anonymous_0)
DA:6,7
DA:11,46
DA:13,46
DA:14,5
DA:19,5
DA:22,41
DA:23,5
DA:28,5
DA:31,36
DA:33,36
DA:34,36
DA:38,31
DA:39,31
DA:41,5
DA:46,5
LF:15
LH:15
BRDA:13,0,0,5
BRDA:13,0,1,41
BRDA:22,1,0,5
BRDA:22,1,1,36
BRF:4
BRH:4
end_of_record
TN:
SF:src\model\Event.ts
FNF:0
FNH:0
DA:9,7
DA:15,7
LF:2
LH:2
BRF:0
BRH:0
end_of_record
TN:
SF:src\model\User.ts
FN:15,(anonymous_0)
FNF:1
FNH:1
FNDA:11,(anonymous_0)
DA:4,7
DA:15,7
DA:16,11
DA:17,11
DA:18,11
DA:21,7
LF:6
LH:6
BRF:0
BRH:0
end_of_record
TN:
SF:src\respositories\EventsRepositories\EventsRepository.ts
FN:5,(anonymous_0)
FN:14,(anonymous_1)
FN:24,(anonymous_2)
FN:33,(anonymous_3)
FN:38,(anonymous_4)
FN:42,(anonymous_5)
FNF:6
FNH:6
FNDA:12,(anonymous_0)
FNDA:3,(anonymous_1)
FNDA:3,(anonymous_2)
FNDA:1,(anonymous_3)
FNDA:1,(anonymous_4)
FNDA:1,(anonymous_5)
DA:6,12
DA:12,12
DA:19,3
DA:21,3
DA:28,3
DA:30,3
DA:34,1
DA:35,1
DA:36,1
DA:39,1
DA:40,1
DA:43,1
DA:44,1
DA:45,1
LF:14
LH:14
BRF:0
BRH:0
end_of_record
TN:
SF:src\respositories\UserRespositories\SignInRepository.ts
FN:6,(anonymous_0)
FNF:1
FNH:1
FNDA:8,(anonymous_0)
DA:7,8
DA:8,8
LF:2
LH:2
BRF:0
BRH:0
end_of_record
TN:
SF:src\respositories\UserRespositories\SignUpRepository.ts
FN:5,(anonymous_0)
FNF:1
FNH:1
FNDA:11,(anonymous_0)
DA:6,11
DA:7,11
LF:2
LH:2
BRF:0
BRH:0
end_of_record
TN:
SF:src\routes\Routes.ts
FNF:0
FNH:0
DA:7,7
DA:9,7
DA:11,7
LF:3
LH:3
BRF:0
BRH:0
end_of_record
TN:
SF:src\services\EventsServices\EventsServices.ts
FN:12,(anonymous_0)
FN:29,(anonymous_1)
FN:53,(anonymous_2)
FN:67,(anonymous_3)
FN:75,(anonymous_4)
FNF:5
FNH:5
FNDA:14,(anonymous_0)
FNDA:4,(anonymous_1)
FNDA:2,(anonymous_2)
FNDA:3,(anonymous_3)
FNDA:3,(anonymous_4)
DA:13,14
DA:14,14
DA:19,14
DA:21,12
DA:26,12
DA:36,4
DA:37,4
DA:38,4
DA:40,4
DA:42,3
DA:50,1
DA:54,2
DA:55,2
DA:56,2
DA:58,2
DA:60,1
DA:64,1
DA:68,3
DA:70,3
DA:72,1
DA:76,3
DA:77,3
DA:78,3
DA:80,3
DA:82,1
LF:25
LH:25
BRF:0
BRH:0
end_of_record
TN:
SF:src\services\UserServices\SignInService.ts
FN:10,(anonymous_0)
FNF:1
FNH:1
FNDA:9,(anonymous_0)
DA:11,9
DA:12,9
DA:14,8
DA:16,8
DA:17,1
DA:29,7
DA:34,7
DA:35,1
DA:47,6
DA:49,6
DA:56,6
LF:11
LH:11
BRDA:16,0,0,1
BRDA:16,0,1,7
BRDA:34,1,0,1
BRDA:34,1,1,6
BRF:4
BRH:4
end_of_record
TN:
SF:src\services\UserServices\SignUpService.ts
FN:7,(anonymous_0)
FNF:1
FNH:1
FNDA:18,(anonymous_0)
DA:8,18
DA:9,18
DA:11,11
DA:12,11
LF:4
LH:4
BRF:0
BRH:0
end_of_record
TN:
SF:src\utils\checkEvents.ts
FN:4,(anonymous_0)
FNF:1
FNH:1
FNDA:3,(anonymous_0)
DA:4,7
DA:11,3
DA:12,3
DA:13,1
DA:16,3
DA:20,3
DA:26,3
DA:27,1
DA:39,2
DA:40,1
DA:52,1
LF:11
LH:11
BRDA:12,0,0,1
BRDA:12,0,1,2
BRDA:26,1,0,1
BRDA:26,1,1,2
BRDA:39,2,0,1
BRDA:39,2,1,1
BRDA:39,3,0,2
BRDA:39,3,1,2
BRF:8
BRH:8
end_of_record
TN:
SF:src\utils\errorHandler.ts
FN:4,(anonymous_0)
FNF:1
FNH:1
FNDA:27,(anonymous_0)
DA:4,7
DA:5,27
DA:6,20
DA:10,7
LF:4
LH:4
BRDA:5,0,0,20
BRDA:5,0,1,7
BRF:2
BRH:2
end_of_record
TN:
SF:src\utils\validationResponse.ts
FN:9,handleValidationResponse
FNF:1
FNH:1
FNDA:53,handleValidationResponse
DA:13,53
DA:14,16
LF:2
LH:2
BRDA:11,0,0,53
BRDA:13,1,0,16
BRDA:13,1,1,37
BRDA:15,2,0,16
BRDA:15,2,1,0
BRF:5
BRH:4
end_of_record
TN:
SF:src\validation\EventsValidation\CheckEventByIdValidator.ts
FN:5,CheckEventByIdValidator
FNF:1
FNH:1
FNDA:6,CheckEventByIdValidator
DA:6,6
DA:7,2
DA:11,2
DA:18,4
DA:19,4
DA:20,2
DA:24,2
DA:30,2
LF:8
LH:8
BRDA:6,0,0,2
BRDA:6,0,1,4
BRDA:19,1,0,2
BRDA:19,1,1,2
BRF:4
BRH:4
end_of_record
TN:
SF:src\validation\EventsValidation\CheckEventsByDayValidator.ts
FN:4,CheckEventsByDayValidator
FN:16,(anonymous_1)
FN:28,(anonymous_2)
FNF:3
FNH:3
FNDA:6,CheckEventsByDayValidator
FNDA:42,(anonymous_1)
FNDA:2,(anonymous_2)
DA:5,6
DA:15,6
DA:16,42
DA:24,6
DA:26,6
DA:27,2
DA:28,2
DA:34,2
DA:37,4
LF:9
LH:9
BRDA:26,0,0,2
BRDA:26,0,1,4
BRF:2
BRH:2
end_of_record
TN:
SF:src\validation\EventsValidation\CreateEventValidator.ts
FN:6,CreateEventValidator
FN:26,(anonymous_1)
FN:44,(anonymous_2)
FNF:3
FNH:3
FNDA:14,CreateEventValidator
FNDA:98,(anonymous_1)
FNDA:1,(anonymous_2)
DA:10,14
DA:20,14
DA:26,98
DA:37,14
DA:42,14
DA:43,1
DA:44,1
DA:50,1
DA:53,13
DA:59,13
DA:60,1
DA:67,1
DA:70,12
LF:13
LH:13
BRDA:42,0,0,1
BRDA:42,0,1,13
BRDA:45,1,0,1
BRDA:45,1,1,0
BRDA:59,2,0,1
BRDA:59,2,1,12
BRF:6
BRH:5
end_of_record
TN:
SF:src\validation\UserValidation\SignInValidator.ts
FN:5,SignInValidator
FN:23,(anonymous_1)
FNF:2
FNH:2
FNDA:9,SignInValidator
FNDA:1,(anonymous_1)
DA:6,9
DA:19,9
DA:21,9
DA:22,1
DA:23,1
DA:29,1
DA:32,8
DA:33,8
LF:8
LH:8
BRDA:21,0,0,1
BRDA:21,0,1,8
BRDA:24,1,0,1
BRDA:24,1,1,0
BRF:4
BRH:3
end_of_record
TN:
SF:src\validation\UserValidation\SignUpValidator.ts
FN:6,SignUpValidator
FN:36,(anonymous_1)
FNF:2
FNH:2
FNDA:18,SignUpValidator
FNDA:7,(anonymous_1)
DA:7,18
DA:8,18
DA:10,18
DA:32,18
DA:34,18
DA:35,6
DA:36,7
DA:42,6
DA:45,12
DA:46,12
DA:47,1
DA:54,1
DA:56,11
LF:13
LH:13
BRDA:34,0,0,6
BRDA:34,0,1,12
BRDA:37,1,0,7
BRDA:37,1,1,0
BRDA:46,2,0,1
BRDA:46,2,1,11
BRF:6
BRH:5
end_of_record
