TN:
SF:src\app.ts
FNF:0
FNH:0
DA:5,7
DA:7,7
DA:8,7
DA:9,7
DA:11,7
LF:5
LH:5
BRF:0
BRH:0
end_of_record
TN:
SF:src\server.ts
FN:12,connect
FN:19,(anonymous_1)
FN:21,(anonymous_2)
FN:28,(anonymous_3)
FNF:4
FNH:2
FNDA:7,connect
FNDA:7,(anonymous_1)
FNDA:0,(anonymous_2)
FNDA:0,(anonymous_3)
DA:7,7
DA:9,7
DA:10,7
DA:13,7
DA:14,7
DA:15,0
DA:17,7
DA:20,7
DA:21,0
DA:22,0
DA:25,7
DA:26,7
DA:28,0
DA:30,0
DA:31,0
LF:15
LH:9
BRDA:14,0,0,0
BRDA:14,0,1,7
BRDA:20,1,0,0
BRDA:20,1,1,7
BRF:4
BRH:2
end_of_record
TN:
SF:src\controllers\EventsController\EventsController.ts
FN:6,(anonymous_0)
FN:8,(anonymous_1)
FN:18,(anonymous_2)
FN:20,(anonymous_3)
FN:42,(anonymous_4)
FN:44,(anonymous_5)
FN:54,(anonymous_6)
FN:56,(anonymous_7)
FN:66,(anonymous_8)
FN:68,(anonymous_9)
FN:78,(anonymous_10)
FNF:11
FNH:3
FNDA:10,(anonymous_0)
FNDA:0,(anonymous_1)
FNDA:0,(anonymous_2)
FNDA:0,(anonymous_3)
FNDA:1,(anonymous_4)
FNDA:0,(anonymous_5)
FNDA:0,(anonymous_6)
FNDA:0,(anonymous_7)
FNDA:2,(anonymous_8)
FNDA:0,(anonymous_9)
FNDA:0,(anonymous_10)
DA:7,10
DA:9,0
DA:10,0
DA:11,0
DA:19,0
DA:21,0
DA:23,0
DA:24,0
DA:26,0
DA:27,0
DA:28,0
DA:29,0
DA:43,1
DA:45,0
DA:46,0
DA:47,0
DA:55,0
DA:57,0
DA:58,0
DA:59,0
DA:67,2
DA:69,0
DA:70,0
DA:71,0
DA:83,0
DA:84,0
DA:85,0
DA:87,0
DA:88,0
DA:92,0
LF:30
LH:3
BRDA:23,0,0,0
BRDA:23,0,1,0
BRDA:27,1,0,0
BRDA:27,2,0,0
BRDA:34,3,0,0
BRDA:34,3,1,0
BRDA:87,4,0,0
BRDA:87,4,1,0
BRF:8
BRH:0
end_of_record
TN:
SF:src\controllers\UserController\SignInController.ts
FN:7,(anonymous_0)
FNF:1
FNH:1
FNDA:10,(anonymous_0)
DA:8,10
DA:9,10
DA:10,10
DA:11,6
DA:13,4
DA:14,3
DA:18,1
LF:7
LH:7
BRDA:13,0,0,3
BRDA:13,0,1,1
BRF:2
BRH:2
end_of_record
TN:
SF:src\controllers\UserController\SignUpController.ts
FN:7,(anonymous_0)
FNF:1
FNH:1
FNDA:19,(anonymous_0)
DA:8,19
DA:9,19
DA:10,19
DA:11,11
DA:13,8
DA:14,7
DA:18,1
LF:7
LH:7
BRDA:13,0,0,7
BRDA:13,0,1,1
BRF:2
BRH:2
end_of_record
TN:
SF:src\errors\CustomError.ts
FN:8,(anonymous_0)
FNF:1
FNH:1
FNDA:19,(anonymous_0)
DA:13,19
DA:14,19
DA:15,19
DA:16,19
LF:4
LH:4
BRDA:11,0,0,0
BRF:1
BRH:0
end_of_record
TN:
SF:src\middleware\auth.ts
FN:6,(anonymous_0)
FNF:1
FNH:1
FNDA:22,(anonymous_0)
DA:6,7
DA:11,22
DA:13,22
DA:14,3
DA:19,3
DA:22,19
DA:23,3
DA:28,3
DA:31,16
DA:33,16
DA:34,16
DA:38,13
DA:39,13
DA:41,3
DA:46,3
LF:15
LH:15
BRDA:13,0,0,3
BRDA:13,0,1,19
BRDA:22,1,0,3
BRDA:22,1,1,16
BRF:4
BRH:4
end_of_record
TN:
SF:src\model\Event.ts
FNF:0
FNH:0
DA:9,7
DA:15,7
LF:2
LH:2
BRF:0
BRH:0
end_of_record
TN:
SF:src\model\User.ts
FN:15,(anonymous_0)
FNF:1
FNH:1
FNDA:11,(anonymous_0)
DA:4,7
DA:15,7
DA:16,11
DA:17,11
DA:18,11
DA:21,7
LF:6
LH:6
BRF:0
BRH:0
end_of_record
TN:
SF:src\respositories\EventsRepositories\EventsRepository.ts
FN:5,(anonymous_0)
FN:14,(anonymous_1)
FN:24,(anonymous_2)
FN:33,(anonymous_3)
FN:38,(anonymous_4)
FN:42,(anonymous_5)
FNF:6
FNH:0
FNDA:0,(anonymous_0)
FNDA:0,(anonymous_1)
FNDA:0,(anonymous_2)
FNDA:0,(anonymous_3)
FNDA:0,(anonymous_4)
FNDA:0,(anonymous_5)
DA:6,0
DA:12,0
DA:19,0
DA:21,0
DA:28,0
DA:30,0
DA:34,0
DA:35,0
DA:36,0
DA:39,0
DA:40,0
DA:43,0
DA:44,0
DA:45,0
LF:14
LH:0
BRF:0
BRH:0
end_of_record
TN:
SF:src\respositories\UserRespositories\SignInRepository.ts
FN:6,(anonymous_0)
FNF:1
FNH:1
FNDA:8,(anonymous_0)
DA:7,8
DA:8,8
LF:2
LH:2
BRF:0
BRH:0
end_of_record
TN:
SF:src\respositories\UserRespositories\SignUpRepository.ts
FN:5,(anonymous_0)
FNF:1
FNH:1
FNDA:11,(anonymous_0)
DA:6,11
DA:7,11
LF:2
LH:2
BRF:0
BRH:0
end_of_record
TN:
SF:src\routes\Routes.ts
FNF:0
FNH:0
DA:7,7
DA:9,7
DA:11,7
LF:3
LH:3
BRF:0
BRH:0
end_of_record
TN:
SF:src\services\EventsServices\EventsServices.ts
FN:12,(anonymous_0)
FN:29,(anonymous_1)
FN:53,(anonymous_2)
FN:67,(anonymous_3)
FN:75,(anonymous_4)
FNF:5
FNH:0
FNDA:0,(anonymous_0)
FNDA:0,(anonymous_1)
FNDA:0,(anonymous_2)
FNDA:0,(anonymous_3)
FNDA:0,(anonymous_4)
DA:13,0
DA:14,0
DA:19,0
DA:21,0
DA:26,0
DA:36,0
DA:37,0
DA:38,0
DA:40,0
DA:42,0
DA:50,0
DA:54,0
DA:55,0
DA:56,0
DA:58,0
DA:60,0
DA:64,0
DA:68,0
DA:70,0
DA:72,0
DA:76,0
DA:77,0
DA:78,0
DA:80,0
DA:82,0
LF:25
LH:0
BRF:0
BRH:0
end_of_record
TN:
SF:src\services\UserServices\SignInService.ts
FN:9,(anonymous_0)
FNF:1
FNH:1
FNDA:9,(anonymous_0)
DA:10,9
DA:12,9
DA:13,1
DA:20,8
DA:22,8
DA:23,1
DA:35,7
DA:40,7
DA:41,1
DA:53,6
DA:55,6
DA:62,6
LF:12
LH:12
BRDA:12,0,0,1
BRDA:12,0,1,8
BRDA:14,1,0,1
BRDA:14,1,1,0
BRDA:22,2,0,1
BRDA:22,2,1,7
BRDA:40,3,0,1
BRDA:40,3,1,6
BRF:8
BRH:7
end_of_record
TN:
SF:src\services\UserServices\SignUpService.ts
FN:7,(anonymous_0)
FNF:1
FNH:1
FNDA:18,(anonymous_0)
DA:8,18
DA:10,18
DA:11,7
DA:18,11
DA:19,11
LF:5
LH:5
BRDA:10,0,0,7
BRDA:10,0,1,11
BRDA:12,1,0,7
BRDA:12,1,1,0
BRF:4
BRH:3
end_of_record
TN:
SF:src\utils\checkEvents.ts
FN:4,(anonymous_0)
FNF:1
FNH:0
FNDA:0,(anonymous_0)
DA:4,7
DA:11,0
DA:12,0
DA:13,0
DA:16,0
DA:20,0
DA:26,0
DA:27,0
DA:39,0
DA:40,0
DA:52,0
LF:11
LH:1
BRDA:12,0,0,0
BRDA:12,0,1,0
BRDA:26,1,0,0
BRDA:26,1,1,0
BRDA:39,2,0,0
BRDA:39,2,1,0
BRDA:39,3,0,0
BRDA:39,3,1,0
BRF:8
BRH:0
end_of_record
TN:
SF:src\utils\validationResponse.ts
FN:9,handleValidationResponse
FNF:1
FNH:0
FNDA:0,handleValidationResponse
DA:13,0
DA:14,0
LF:2
LH:0
BRDA:11,0,0,0
BRDA:13,1,0,0
BRDA:13,1,1,0
BRDA:15,2,0,0
BRDA:15,2,1,0
BRF:5
BRH:0
end_of_record
TN:
SF:src\validation\EventsValidation\CheckEventByIdValidator.ts
FN:5,CheckEventByIdValidator
FNF:1
FNH:0
FNDA:0,CheckEventByIdValidator
DA:6,0
DA:7,0
DA:11,0
DA:18,0
DA:19,0
DA:20,0
DA:24,0
DA:30,0
LF:8
LH:0
BRDA:6,0,0,0
BRDA:6,0,1,0
BRDA:19,1,0,0
BRDA:19,1,1,0
BRF:4
BRH:0
end_of_record
TN:
SF:src\validation\EventsValidation\CheckEventsByDayValidator.ts
FN:4,CheckEventsByDayValidator
FN:16,(anonymous_1)
FN:28,(anonymous_2)
FNF:3
FNH:0
FNDA:0,CheckEventsByDayValidator
FNDA:0,(anonymous_1)
FNDA:0,(anonymous_2)
DA:5,0
DA:15,0
DA:16,0
DA:24,0
DA:26,0
DA:27,0
DA:28,0
DA:34,0
DA:37,0
LF:9
LH:0
BRDA:26,0,0,0
BRDA:26,0,1,0
BRF:2
BRH:0
end_of_record
TN:
SF:src\validation\EventsValidation\CreateEventValidator.ts
FN:6,CreateEventValidator
FN:26,(anonymous_1)
FN:44,(anonymous_2)
FNF:3
FNH:0
FNDA:0,CreateEventValidator
FNDA:0,(anonymous_1)
FNDA:0,(anonymous_2)
DA:10,0
DA:20,0
DA:26,0
DA:37,0
DA:42,0
DA:43,0
DA:44,0
DA:50,0
DA:53,0
DA:59,0
DA:60,0
DA:67,0
DA:70,0
LF:13
LH:0
BRDA:42,0,0,0
BRDA:42,0,1,0
BRDA:45,1,0,0
BRDA:45,1,1,0
BRDA:59,2,0,0
BRDA:59,2,1,0
BRF:6
BRH:0
end_of_record
TN:
SF:src\validation\UserValidation\SignInValidator.ts
FN:5,SignInValidator
FN:23,(anonymous_1)
FNF:2
FNH:2
FNDA:9,SignInValidator
FNDA:1,(anonymous_1)
DA:6,9
DA:19,9
DA:21,9
DA:22,1
DA:23,1
DA:29,1
DA:32,8
DA:33,8
LF:8
LH:8
BRDA:21,0,0,1
BRDA:21,0,1,8
BRDA:24,1,0,1
BRDA:24,1,1,0
BRF:4
BRH:3
end_of_record
TN:
SF:src\validation\UserValidation\SignUpValidator.ts
FN:6,SignUpValidator
FN:36,(anonymous_1)
FNF:2
FNH:2
FNDA:18,SignUpValidator
FNDA:7,(anonymous_1)
DA:7,18
DA:8,18
DA:10,18
DA:32,18
DA:34,18
DA:35,6
DA:36,7
DA:42,6
DA:45,12
DA:46,12
DA:47,1
DA:54,1
DA:56,11
LF:13
LH:13
BRDA:34,0,0,6
BRDA:34,0,1,12
BRDA:37,1,0,7
BRDA:37,1,1,0
BRDA:46,2,0,1
BRDA:46,2,1,11
BRF:6
BRH:5
end_of_record
